[1.280s] Invoking command in '/home/jordan/Desktop/RObotics project/ros_ws/build/toycar': PYTHONPATH=/home/jordan/Desktop/RObotics project/ros_ws/build/toycar/prefix_override:/home/jordan/Desktop/RObotics project/ros_ws/install/toycar/lib/python3.10/site-packages:${PYTHONPATH} /usr/bin/python3 setup.py develop --editable --build-directory /home/jordan/Desktop/RObotics project/ros_ws/build/toycar/build --no-deps install_data
[1.678s] running develop
[1.924s] running egg_info
[1.924s] writing toycar.egg-info/PKG-INFO
[1.925s] writing dependency_links to toycar.egg-info/dependency_links.txt
[1.925s] writing entry points to toycar.egg-info/entry_points.txt
[1.925s] writing requirements to toycar.egg-info/requires.txt
[1.925s] writing top-level names to toycar.egg-info/top_level.txt
[1.929s] reading manifest file 'toycar.egg-info/SOURCES.txt'
[1.930s] writing manifest file 'toycar.egg-info/SOURCES.txt'
[1.933s] running build_ext
[1.934s] Creating /home/jordan/Desktop/RObotics project/ros_ws/install/toycar/lib/python3.10/site-packages/toycar.egg-link (link to .)
[1.936s] 
[1.936s] Installed /home/jordan/Desktop/RObotics project/ros_ws/build/toycar
[1.936s] running install_data
[1.937s] copying urdf_description/robot_core0.xacro -> /home/jordan/Desktop/RObotics project/ros_ws/install/toycar/share/toycar/urdf_description/
[1.938s] copying urdf_description/lidar.xacro -> /home/jordan/Desktop/RObotics project/ros_ws/install/toycar/share/toycar/urdf_description/
[1.940s] creating /home/jordan/Desktop/RObotics project/ros_ws/install/toycar/share/toycar/config
[1.941s] copying config/empty.yaml -> /home/jordan/Desktop/RObotics project/ros_ws/install/toycar/share/toycar/config/
[1.941s] copying config/view_bot.rviz -> /home/jordan/Desktop/RObotics project/ros_ws/install/toycar/share/toycar/config/
[1.941s] copying config/mapper_params_online_async.yaml -> /home/jordan/Desktop/RObotics project/ros_ws/install/toycar/share/toycar/config/
[2.000s] Invoked command in '/home/jordan/Desktop/RObotics project/ros_ws/build/toycar' returned '0': PYTHONPATH=/home/jordan/Desktop/RObotics project/ros_ws/build/toycar/prefix_override:/home/jordan/Desktop/RObotics project/ros_ws/install/toycar/lib/python3.10/site-packages:${PYTHONPATH} /usr/bin/python3 setup.py develop --editable --build-directory /home/jordan/Desktop/RObotics project/ros_ws/build/toycar/build --no-deps install_data
