running develop
running egg_info
creating toycar.egg-info
writing toycar.egg-info/PKG-INFO
writing dependency_links to toycar.egg-info/dependency_links.txt
writing entry points to toycar.egg-info/entry_points.txt
writing requirements to toycar.egg-info/requires.txt
writing top-level names to toycar.egg-info/top_level.txt
writing manifest file 'toycar.egg-info/SOURCES.txt'
reading manifest file 'toycar.egg-info/SOURCES.txt'
writing manifest file 'toycar.egg-info/SOURCES.txt'
running build_ext
Creating /home/jordan/Desktop/RObotics project/ros_ws/install/toycar/lib/python3.10/site-packages/toycar.egg-link (link to .)

Installed /home/jordan/Desktop/RObotics project/ros_ws/build/toycar
running install_data
creating /home/jordan/Desktop/RObotics project/ros_ws/install/toycar/share/ament_index
creating /home/jordan/Desktop/RObotics project/ros_ws/install/toycar/share/ament_index/resource_index
creating /home/jordan/Desktop/RObotics project/ros_ws/install/toycar/share/ament_index/resource_index/packages
copying resource/toycar -> /home/jordan/Desktop/RObotics project/ros_ws/install/toycar/share/ament_index/resource_index/packages
copying package.xml -> /home/jordan/Desktop/RObotics project/ros_ws/install/toycar/share/toycar
