[1.960s] DEBUG:colcon:Command line arguments: ['/usr/bin/colcon', 'build', '--symlink-install']
[1.961s] DEBUG:colcon:Parsed command line arguments: Namespace(log_base=None, log_level=None, verb_name='build', build_base='build', install_base='install', merge_install=False, symlink_install=True, test_result_base=None, continue_on_error=False, executor='parallel', parallel_workers=4, event_handlers=None, ignore_user_meta=False, metas=['./colcon.meta'], base_paths=['.'], packages_ignore=None, packages_ignore_regex=None, paths=None, packages_up_to=None, packages_up_to_regex=None, packages_above=None, packages_above_and_dependencies=None, packages_above_depth=None, packages_select_by_dep=None, packages_skip_by_dep=None, packages_skip_up_to=None, packages_select_build_failed=False, packages_skip_build_finished=False, packages_select_test_failures=False, packages_skip_test_passed=False, packages_select=None, packages_skip=None, packages_select_regex=None, packages_skip_regex=None, packages_start=None, packages_end=None, allow_overriding=[], cmake_args=None, cmake_target=None, cmake_target_skip_unavailable=False, cmake_clean_cache=False, cmake_clean_first=False, cmake_force_configure=False, ament_cmake_args=None, catkin_cmake_args=None, catkin_skip_building_tests=False, verb_parser=<colcon_defaults.argument_parser.defaults.DefaultArgumentsDecorator object at 0x7fbd03f0a890>, verb_extension=<colcon_core.verb.build.BuildVerb object at 0x7fbd03f0a320>, main=<bound method BuildVerb.main of <colcon_core.verb.build.BuildVerb object at 0x7fbd03f0a320>>)
[2.146s] Level 1:colcon.colcon_core.package_discovery:discover_packages(colcon_meta) check parameters
[2.147s] Level 1:colcon.colcon_core.package_discovery:discover_packages(recursive) check parameters
[2.147s] Level 1:colcon.colcon_core.package_discovery:discover_packages(ignore) check parameters
[2.148s] Level 1:colcon.colcon_core.package_discovery:discover_packages(path) check parameters
[2.148s] Level 1:colcon.colcon_core.package_discovery:discover_packages(colcon_meta) discover
[2.148s] Level 1:colcon.colcon_core.package_discovery:discover_packages(recursive) discover
[2.148s] INFO:colcon.colcon_core.package_discovery:Crawling recursively for packages in '/home/jordan/Desktop/RObotics project/ros_ws'
[2.149s] Level 1:colcon.colcon_core.package_identification:_identify(.) by extensions ['ignore', 'ignore_ament_install']
[2.150s] Level 1:colcon.colcon_core.package_identification:_identify(.) by extension 'ignore'
[2.150s] Level 1:colcon.colcon_core.package_identification:_identify(.) by extension 'ignore_ament_install'
[2.151s] Level 1:colcon.colcon_core.package_identification:_identify(.) by extensions ['colcon_pkg']
[2.151s] Level 1:colcon.colcon_core.package_identification:_identify(.) by extension 'colcon_pkg'
[2.151s] Level 1:colcon.colcon_core.package_identification:_identify(.) by extensions ['colcon_meta']
[2.151s] Level 1:colcon.colcon_core.package_identification:_identify(.) by extension 'colcon_meta'
[2.152s] Level 1:colcon.colcon_core.package_identification:_identify(.) by extensions ['ros']
[2.152s] Level 1:colcon.colcon_core.package_identification:_identify(.) by extension 'ros'
[2.221s] Level 1:colcon.colcon_core.package_identification:_identify(.) by extensions ['cmake', 'python']
[2.221s] Level 1:colcon.colcon_core.package_identification:_identify(.) by extension 'cmake'
[2.222s] Level 1:colcon.colcon_core.package_identification:_identify(.) by extension 'python'
[2.222s] Level 1:colcon.colcon_core.package_identification:_identify(.) by extensions ['python_setup_py']
[2.222s] Level 1:colcon.colcon_core.package_identification:_identify(.) by extension 'python_setup_py'
[2.223s] Level 1:colcon.colcon_core.package_identification:_identify(build) by extensions ['ignore', 'ignore_ament_install']
[2.224s] Level 1:colcon.colcon_core.package_identification:_identify(build) by extension 'ignore'
[2.224s] Level 1:colcon.colcon_core.package_identification:_identify(build) ignored
[2.225s] Level 1:colcon.colcon_core.package_identification:_identify(install) by extensions ['ignore', 'ignore_ament_install']
[2.226s] Level 1:colcon.colcon_core.package_identification:_identify(install) by extension 'ignore'
[2.226s] Level 1:colcon.colcon_core.package_identification:_identify(install) ignored
[2.227s] Level 1:colcon.colcon_core.package_identification:_identify(log) by extensions ['ignore', 'ignore_ament_install']
[2.228s] Level 1:colcon.colcon_core.package_identification:_identify(log) by extension 'ignore'
[2.228s] Level 1:colcon.colcon_core.package_identification:_identify(log) ignored
[2.229s] Level 1:colcon.colcon_core.package_identification:_identify(scr) by extensions ['ignore', 'ignore_ament_install']
[2.230s] Level 1:colcon.colcon_core.package_identification:_identify(scr) by extension 'ignore'
[2.230s] Level 1:colcon.colcon_core.package_identification:_identify(scr) by extension 'ignore_ament_install'
[2.230s] Level 1:colcon.colcon_core.package_identification:_identify(scr) by extensions ['colcon_pkg']
[2.231s] Level 1:colcon.colcon_core.package_identification:_identify(scr) by extension 'colcon_pkg'
[2.231s] Level 1:colcon.colcon_core.package_identification:_identify(scr) by extensions ['colcon_meta']
[2.231s] Level 1:colcon.colcon_core.package_identification:_identify(scr) by extension 'colcon_meta'
[2.232s] Level 1:colcon.colcon_core.package_identification:_identify(scr) by extensions ['ros']
[2.232s] Level 1:colcon.colcon_core.package_identification:_identify(scr) by extension 'ros'
[2.233s] Level 1:colcon.colcon_core.package_identification:_identify(scr) by extensions ['cmake', 'python']
[2.233s] Level 1:colcon.colcon_core.package_identification:_identify(scr) by extension 'cmake'
[2.234s] Level 1:colcon.colcon_core.package_identification:_identify(scr) by extension 'python'
[2.234s] Level 1:colcon.colcon_core.package_identification:_identify(scr) by extensions ['python_setup_py']
[2.234s] Level 1:colcon.colcon_core.package_identification:_identify(scr) by extension 'python_setup_py'
[2.236s] Level 1:colcon.colcon_core.package_identification:_identify(scr/toycar) by extensions ['ignore', 'ignore_ament_install']
[2.236s] Level 1:colcon.colcon_core.package_identification:_identify(scr/toycar) by extension 'ignore'
[2.237s] Level 1:colcon.colcon_core.package_identification:_identify(scr/toycar) by extension 'ignore_ament_install'
[2.237s] Level 1:colcon.colcon_core.package_identification:_identify(scr/toycar) by extensions ['colcon_pkg']
[2.238s] Level 1:colcon.colcon_core.package_identification:_identify(scr/toycar) by extension 'colcon_pkg'
[2.238s] Level 1:colcon.colcon_core.package_identification:_identify(scr/toycar) by extensions ['colcon_meta']
[2.238s] Level 1:colcon.colcon_core.package_identification:_identify(scr/toycar) by extension 'colcon_meta'
[2.239s] Level 1:colcon.colcon_core.package_identification:_identify(scr/toycar) by extensions ['ros']
[2.239s] Level 1:colcon.colcon_core.package_identification:_identify(scr/toycar) by extension 'ros'
[2.254s] DEBUG:colcon.colcon_core.package_identification:Package 'scr/toycar' with type 'ros.ament_python' and name 'toycar'
[2.254s] Level 1:colcon.colcon_core.package_discovery:discover_packages(recursive) using defaults
[2.254s] Level 1:colcon.colcon_core.package_discovery:discover_packages(ignore) discover
[2.254s] Level 1:colcon.colcon_core.package_discovery:discover_packages(ignore) using defaults
[2.255s] Level 1:colcon.colcon_core.package_discovery:discover_packages(path) discover
[2.255s] Level 1:colcon.colcon_core.package_discovery:discover_packages(path) using defaults
[2.397s] Level 1:colcon.colcon_core.package_discovery:discover_packages(prefix_path) check parameters
[2.398s] Level 1:colcon.colcon_core.package_discovery:discover_packages(prefix_path) discover
[2.414s] DEBUG:colcon.colcon_installed_package_information.package_discovery:Found 1 installed packages in /home/jordan/Desktop/RObotics project/ros_ws/install
[2.427s] DEBUG:colcon.colcon_installed_package_information.package_discovery:Found 393 installed packages in /opt/ros/humble
[2.445s] Level 1:colcon.colcon_core.package_discovery:discover_packages(prefix_path) using defaults
[3.174s] Level 5:colcon.colcon_core.verb:set package 'toycar' build argument 'cmake_args' from command line to 'None'
[3.175s] Level 5:colcon.colcon_core.verb:set package 'toycar' build argument 'cmake_target' from command line to 'None'
[3.175s] Level 5:colcon.colcon_core.verb:set package 'toycar' build argument 'cmake_target_skip_unavailable' from command line to 'False'
[3.175s] Level 5:colcon.colcon_core.verb:set package 'toycar' build argument 'cmake_clean_cache' from command line to 'False'
[3.175s] Level 5:colcon.colcon_core.verb:set package 'toycar' build argument 'cmake_clean_first' from command line to 'False'
[3.175s] Level 5:colcon.colcon_core.verb:set package 'toycar' build argument 'cmake_force_configure' from command line to 'False'
[3.176s] Level 5:colcon.colcon_core.verb:set package 'toycar' build argument 'ament_cmake_args' from command line to 'None'
[3.176s] Level 5:colcon.colcon_core.verb:set package 'toycar' build argument 'catkin_cmake_args' from command line to 'None'
[3.176s] Level 5:colcon.colcon_core.verb:set package 'toycar' build argument 'catkin_skip_building_tests' from command line to 'False'
[3.176s] DEBUG:colcon.colcon_core.verb:Building package 'toycar' with the following arguments: {'ament_cmake_args': None, 'build_base': '/home/jordan/Desktop/RObotics project/ros_ws/build/toycar', 'catkin_cmake_args': None, 'catkin_skip_building_tests': False, 'cmake_args': None, 'cmake_clean_cache': False, 'cmake_clean_first': False, 'cmake_force_configure': False, 'cmake_target': None, 'cmake_target_skip_unavailable': False, 'install_base': '/home/jordan/Desktop/RObotics project/ros_ws/install/toycar', 'merge_install': False, 'path': '/home/jordan/Desktop/RObotics project/ros_ws/scr/toycar', 'symlink_install': True, 'test_result_base': None}
[3.179s] INFO:colcon.colcon_core.executor:Executing jobs using 'parallel' executor
[3.193s] DEBUG:colcon.colcon_parallel_executor.executor.parallel:run_until_complete
[3.193s] INFO:colcon.colcon_ros.task.ament_python.build:Building ROS package in '/home/jordan/Desktop/RObotics project/ros_ws/scr/toycar' with build type 'ament_python'
[3.194s] Level 1:colcon.colcon_core.shell:create_environment_hook('toycar', 'ament_prefix_path')
[3.220s] INFO:colcon.colcon_core.plugin_system:Skipping extension 'colcon_core.shell.bat': Not used on non-Windows systems
[3.221s] INFO:colcon.colcon_core.shell:Creating environment hook '/home/jordan/Desktop/RObotics project/ros_ws/install/toycar/share/toycar/hook/ament_prefix_path.ps1'
[3.227s] INFO:colcon.colcon_core.shell:Creating environment descriptor '/home/jordan/Desktop/RObotics project/ros_ws/install/toycar/share/toycar/hook/ament_prefix_path.dsv'
[3.230s] INFO:colcon.colcon_core.shell:Creating environment hook '/home/jordan/Desktop/RObotics project/ros_ws/install/toycar/share/toycar/hook/ament_prefix_path.sh'
[3.241s] INFO:colcon.colcon_core.shell:Skip shell extension 'powershell' for command environment: Not usable outside of PowerShell
[3.241s] DEBUG:colcon.colcon_core.shell:Skip shell extension 'dsv' for command environment
[4.916s] INFO:colcon.colcon_core.task.python.build:Building Python package in '/home/jordan/Desktop/RObotics project/ros_ws/scr/toycar'
[4.922s] INFO:colcon.colcon_core.shell:Skip shell extension 'powershell' for command environment: Not usable outside of PowerShell
[4.922s] DEBUG:colcon.colcon_core.shell:Skip shell extension 'dsv' for command environment
[6.856s] DEBUG:colcon.colcon_core.event_handler.log_command:Invoking command in '/home/jordan/Desktop/RObotics project/ros_ws/build/toycar': PYTHONPATH=/home/jordan/Desktop/RObotics project/ros_ws/build/toycar/prefix_override:/home/jordan/Desktop/RObotics project/ros_ws/install/toycar/lib/python3.10/site-packages:${PYTHONPATH} /usr/bin/python3 setup.py develop --editable --build-directory /home/jordan/Desktop/RObotics project/ros_ws/build/toycar/build --no-deps install_data
[9.677s] Level 1:colcon.colcon_core.shell:create_environment_hook('toycar', 'pythonpath_develop')
[9.679s] DEBUG:colcon.colcon_core.event_handler.log_command:Invoked command in '/home/jordan/Desktop/RObotics project/ros_ws/build/toycar' returned '0': PYTHONPATH=/home/jordan/Desktop/RObotics project/ros_ws/build/toycar/prefix_override:/home/jordan/Desktop/RObotics project/ros_ws/install/toycar/lib/python3.10/site-packages:${PYTHONPATH} /usr/bin/python3 setup.py develop --editable --build-directory /home/jordan/Desktop/RObotics project/ros_ws/build/toycar/build --no-deps install_data
[9.693s] INFO:colcon.colcon_core.shell:Creating environment hook '/home/jordan/Desktop/RObotics project/ros_ws/build/toycar/share/toycar/hook/pythonpath_develop.ps1'
[9.695s] INFO:colcon.colcon_core.shell:Creating environment descriptor '/home/jordan/Desktop/RObotics project/ros_ws/build/toycar/share/toycar/hook/pythonpath_develop.dsv'
[9.703s] INFO:colcon.colcon_core.shell:Creating environment hook '/home/jordan/Desktop/RObotics project/ros_ws/build/toycar/share/toycar/hook/pythonpath_develop.sh'
[9.771s] Level 1:colcon.colcon_core.environment:checking '/home/jordan/Desktop/RObotics project/ros_ws/install/toycar' for CMake module files
[9.775s] Level 1:colcon.colcon_core.environment:checking '/home/jordan/Desktop/RObotics project/ros_ws/install/toycar' for CMake config files
[9.780s] Level 1:colcon.colcon_core.environment:checking '/home/jordan/Desktop/RObotics project/ros_ws/install/toycar/lib'
[9.781s] Level 1:colcon.colcon_core.environment:checking '/home/jordan/Desktop/RObotics project/ros_ws/install/toycar/bin'
[9.782s] Level 1:colcon.colcon_core.environment:checking '/home/jordan/Desktop/RObotics project/ros_ws/install/toycar/lib/pkgconfig/toycar.pc'
[9.784s] Level 1:colcon.colcon_core.environment:checking '/home/jordan/Desktop/RObotics project/ros_ws/install/toycar/lib/python3.10/site-packages'
[9.784s] Level 1:colcon.colcon_core.shell:create_environment_hook('toycar', 'pythonpath')
[9.792s] INFO:colcon.colcon_core.shell:Creating environment hook '/home/jordan/Desktop/RObotics project/ros_ws/install/toycar/share/toycar/hook/pythonpath.ps1'
[9.795s] INFO:colcon.colcon_core.shell:Creating environment descriptor '/home/jordan/Desktop/RObotics project/ros_ws/install/toycar/share/toycar/hook/pythonpath.dsv'
[9.797s] INFO:colcon.colcon_core.shell:Creating environment hook '/home/jordan/Desktop/RObotics project/ros_ws/install/toycar/share/toycar/hook/pythonpath.sh'
[9.800s] Level 1:colcon.colcon_core.environment:checking '/home/jordan/Desktop/RObotics project/ros_ws/install/toycar/bin'
[9.801s] Level 1:colcon.colcon_core.environment:create_environment_scripts_only(toycar)
[9.810s] INFO:colcon.colcon_core.shell:Creating package script '/home/jordan/Desktop/RObotics project/ros_ws/install/toycar/share/toycar/package.ps1'
[9.816s] INFO:colcon.colcon_core.shell:Creating package descriptor '/home/jordan/Desktop/RObotics project/ros_ws/install/toycar/share/toycar/package.dsv'
[9.820s] INFO:colcon.colcon_core.shell:Creating package script '/home/jordan/Desktop/RObotics project/ros_ws/install/toycar/share/toycar/package.sh'
[9.827s] INFO:colcon.colcon_core.shell:Creating package script '/home/jordan/Desktop/RObotics project/ros_ws/install/toycar/share/toycar/package.bash'
[9.833s] INFO:colcon.colcon_core.shell:Creating package script '/home/jordan/Desktop/RObotics project/ros_ws/install/toycar/share/toycar/package.zsh'
[9.839s] Level 1:colcon.colcon_core.environment:create_file_with_runtime_dependencies(/home/jordan/Desktop/RObotics project/ros_ws/install/toycar/share/colcon-core/packages/toycar)
[9.841s] DEBUG:colcon.colcon_parallel_executor.executor.parallel:closing loop
[9.844s] DEBUG:colcon.colcon_parallel_executor.executor.parallel:loop closed
[9.845s] DEBUG:colcon.colcon_parallel_executor.executor.parallel:run_until_complete finished with '0'
[9.845s] DEBUG:colcon.colcon_core.event_reactor:joining thread
[9.884s] INFO:colcon.colcon_core.plugin_system:Skipping extension 'colcon_notification.desktop_notification.terminal_notifier': Not used on non-Darwin systems
[9.885s] INFO:colcon.colcon_core.plugin_system:Skipping extension 'colcon_notification.desktop_notification.win32': Not used on non-Windows systems
[9.885s] INFO:colcon.colcon_notification.desktop_notification:Sending desktop notification using 'notify2'
[9.953s] DEBUG:colcon.colcon_core.event_reactor:joined thread
[9.962s] INFO:colcon.colcon_core.shell:Creating prefix script '/home/jordan/Desktop/RObotics project/ros_ws/install/local_setup.ps1'
[9.969s] INFO:colcon.colcon_core.shell:Creating prefix util module '/home/jordan/Desktop/RObotics project/ros_ws/install/_local_setup_util_ps1.py'
[9.979s] INFO:colcon.colcon_core.shell:Creating prefix chain script '/home/jordan/Desktop/RObotics project/ros_ws/install/setup.ps1'
[9.992s] INFO:colcon.colcon_core.shell:Creating prefix script '/home/jordan/Desktop/RObotics project/ros_ws/install/local_setup.sh'
[9.997s] INFO:colcon.colcon_core.shell:Creating prefix util module '/home/jordan/Desktop/RObotics project/ros_ws/install/_local_setup_util_sh.py'
[10.003s] INFO:colcon.colcon_core.shell:Creating prefix chain script '/home/jordan/Desktop/RObotics project/ros_ws/install/setup.sh'
[10.015s] INFO:colcon.colcon_core.shell:Creating prefix script '/home/jordan/Desktop/RObotics project/ros_ws/install/local_setup.bash'
[10.020s] INFO:colcon.colcon_core.shell:Creating prefix chain script '/home/jordan/Desktop/RObotics project/ros_ws/install/setup.bash'
[10.030s] INFO:colcon.colcon_core.shell:Creating prefix script '/home/jordan/Desktop/RObotics project/ros_ws/install/local_setup.zsh'
[10.037s] INFO:colcon.colcon_core.shell:Creating prefix chain script '/home/jordan/Desktop/RObotics project/ros_ws/install/setup.zsh'
