/home/jordan/Desktop/RObotics project/ros_ws/install/toycar/lib/python3.10/site-packages/toycar/__init__.py
/home/jordan/Desktop/RObotics project/ros_ws/install/toycar/lib/python3.10/site-packages/toycar/__pycache__/__init__.cpython-310.pyc
/home/jordan/Desktop/RObotics project/ros_ws/install/toycar/share/ament_index/resource_index/packages/toycar
/home/jordan/Desktop/RObotics project/ros_ws/install/toycar/share/toycar/package.xml
/home/jordan/Desktop/RObotics project/ros_ws/install/toycar/share/toycar/urdf_description/robot.urdf.xacro
/home/jordan/Desktop/RObotics project/ros_ws/install/toycar/share/toycar/urdf_description/diff_drive.xacro
/home/jordan/Desktop/RObotics project/ros_ws/install/toycar/share/toycar/urdf_description/robot_core.xacro
/home/jordan/Desktop/RObotics project/ros_ws/install/toycar/share/toycar/urdf_description/robot_core0.xacro
/home/jordan/Desktop/RObotics project/ros_ws/install/toycar/share/toycar/urdf_description/lidar.xacro
/home/jordan/Desktop/RObotics project/ros_ws/install/toycar/share/toycar/urdf_description/inertial_macros.xacro
/home/jordan/Desktop/RObotics project/ros_ws/install/toycar/share/toycar/urdf_description/jsp.xacro
/home/jordan/Desktop/RObotics project/ros_ws/install/toycar/share/toycar/config/empty.yaml
/home/jordan/Desktop/RObotics project/ros_ws/install/toycar/share/toycar/config/view_bot.rviz
/home/jordan/Desktop/RObotics project/ros_ws/install/toycar/share/toycar/config/serialized_map.posegraph
/home/jordan/Desktop/RObotics project/ros_ws/install/toycar/share/toycar/config/serialized_map.data
/home/jordan/Desktop/RObotics project/ros_ws/install/toycar/share/toycar/config/saved_map.pgm
/home/jordan/Desktop/RObotics project/ros_ws/install/toycar/share/toycar/config/saved_map.yaml
/home/jordan/Desktop/RObotics project/ros_ws/install/toycar/share/toycar/config/mapper_params_online_async.yaml
/home/jordan/Desktop/RObotics project/ros_ws/install/toycar/share/toycar/worlds/empty.world
/home/jordan/Desktop/RObotics project/ros_ws/install/toycar/share/toycar/worlds/house.world
/home/jordan/Desktop/RObotics project/ros_ws/install/toycar/share/toycar/launch/robot_spawn.launch.py
/home/jordan/Desktop/RObotics project/ros_ws/install/toycar/share/toycar/launch/rsp.launch.py
/home/jordan/Desktop/RObotics project/ros_ws/install/toycar/share/toycar/launch/slamming.launch.py
/home/jordan/Desktop/RObotics project/ros_ws/install/toycar/lib/python3.10/site-packages/toycar-0.0.0-py3.10.egg-info/SOURCES.txt
/home/jordan/Desktop/RObotics project/ros_ws/install/toycar/lib/python3.10/site-packages/toycar-0.0.0-py3.10.egg-info/PKG-INFO
/home/jordan/Desktop/RObotics project/ros_ws/install/toycar/lib/python3.10/site-packages/toycar-0.0.0-py3.10.egg-info/entry_points.txt
/home/jordan/Desktop/RObotics project/ros_ws/install/toycar/lib/python3.10/site-packages/toycar-0.0.0-py3.10.egg-info/dependency_links.txt
/home/jordan/Desktop/RObotics project/ros_ws/install/toycar/lib/python3.10/site-packages/toycar-0.0.0-py3.10.egg-info/requires.txt
/home/jordan/Desktop/RObotics project/ros_ws/install/toycar/lib/python3.10/site-packages/toycar-0.0.0-py3.10.egg-info/top_level.txt
/home/jordan/Desktop/RObotics project/ros_ws/install/toycar/lib/python3.10/site-packages/toycar-0.0.0-py3.10.egg-info/zip-safe
