[2.942s] DEBUG:colcon:Command line arguments: ['/usr/bin/colcon', 'build', '--symlink-install']
[2.942s] DEBUG:colcon:Parsed command line arguments: Namespace(log_base=None, log_level=None, verb_name='build', build_base='build', install_base='install', merge_install=False, symlink_install=True, test_result_base=None, continue_on_error=False, executor='parallel', parallel_workers=4, event_handlers=None, ignore_user_meta=False, metas=['./colcon.meta'], base_paths=['.'], packages_ignore=None, packages_ignore_regex=None, paths=None, packages_up_to=None, packages_up_to_regex=None, packages_above=None, packages_above_and_dependencies=None, packages_above_depth=None, packages_select_by_dep=None, packages_skip_by_dep=None, packages_skip_up_to=None, packages_select_build_failed=False, packages_skip_build_finished=False, packages_select_test_failures=False, packages_skip_test_passed=False, packages_select=None, packages_skip=None, packages_select_regex=None, packages_skip_regex=None, packages_start=None, packages_end=None, allow_overriding=[], cmake_args=None, cmake_target=None, cmake_target_skip_unavailable=False, cmake_clean_cache=False, cmake_clean_first=False, cmake_force_configure=False, ament_cmake_args=None, catkin_cmake_args=None, catkin_skip_building_tests=False, verb_parser=<colcon_defaults.argument_parser.defaults.DefaultArgumentsDecorator object at 0x7fb9969ea560>, verb_extension=<colcon_core.verb.build.BuildVerb object at 0x7fb9969e9ff0>, main=<bound method BuildVerb.main of <colcon_core.verb.build.BuildVerb object at 0x7fb9969e9ff0>>)
[3.161s] Level 1:colcon.colcon_core.package_discovery:discover_packages(colcon_meta) check parameters
[3.161s] Level 1:colcon.colcon_core.package_discovery:discover_packages(recursive) check parameters
[3.161s] Level 1:colcon.colcon_core.package_discovery:discover_packages(ignore) check parameters
[3.161s] Level 1:colcon.colcon_core.package_discovery:discover_packages(path) check parameters
[3.162s] Level 1:colcon.colcon_core.package_discovery:discover_packages(colcon_meta) discover
[3.162s] Level 1:colcon.colcon_core.package_discovery:discover_packages(recursive) discover
[3.162s] INFO:colcon.colcon_core.package_discovery:Crawling recursively for packages in '/home/jordan/Desktop/RObotics project/ros_ws'
[3.163s] Level 1:colcon.colcon_core.package_identification:_identify(.) by extensions ['ignore', 'ignore_ament_install']
[3.165s] Level 1:colcon.colcon_core.package_identification:_identify(.) by extension 'ignore'
[3.166s] Level 1:colcon.colcon_core.package_identification:_identify(.) by extension 'ignore_ament_install'
[3.171s] Level 1:colcon.colcon_core.package_identification:_identify(.) by extensions ['colcon_pkg']
[3.171s] Level 1:colcon.colcon_core.package_identification:_identify(.) by extension 'colcon_pkg'
[3.171s] Level 1:colcon.colcon_core.package_identification:_identify(.) by extensions ['colcon_meta']
[3.172s] Level 1:colcon.colcon_core.package_identification:_identify(.) by extension 'colcon_meta'
[3.173s] Level 1:colcon.colcon_core.package_identification:_identify(.) by extensions ['ros']
[3.173s] Level 1:colcon.colcon_core.package_identification:_identify(.) by extension 'ros'
[3.304s] Level 1:colcon.colcon_core.package_identification:_identify(.) by extensions ['cmake', 'python']
[3.306s] Level 1:colcon.colcon_core.package_identification:_identify(.) by extension 'cmake'
[3.309s] Level 1:colcon.colcon_core.package_identification:_identify(.) by extension 'python'
[3.311s] Level 1:colcon.colcon_core.package_identification:_identify(.) by extensions ['python_setup_py']
[3.312s] Level 1:colcon.colcon_core.package_identification:_identify(.) by extension 'python_setup_py'
[3.313s] Level 1:colcon.colcon_core.package_identification:_identify(build) by extensions ['ignore', 'ignore_ament_install']
[3.313s] Level 1:colcon.colcon_core.package_identification:_identify(build) by extension 'ignore'
[3.314s] Level 1:colcon.colcon_core.package_identification:_identify(build) ignored
[3.314s] Level 1:colcon.colcon_core.package_identification:_identify(install) by extensions ['ignore', 'ignore_ament_install']
[3.314s] Level 1:colcon.colcon_core.package_identification:_identify(install) by extension 'ignore'
[3.315s] Level 1:colcon.colcon_core.package_identification:_identify(install) ignored
[3.315s] Level 1:colcon.colcon_core.package_identification:_identify(log) by extensions ['ignore', 'ignore_ament_install']
[3.316s] Level 1:colcon.colcon_core.package_identification:_identify(log) by extension 'ignore'
[3.319s] Level 1:colcon.colcon_core.package_identification:_identify(log) ignored
[3.323s] Level 1:colcon.colcon_core.package_identification:_identify(scr) by extensions ['ignore', 'ignore_ament_install']
[3.326s] Level 1:colcon.colcon_core.package_identification:_identify(scr) by extension 'ignore'
[3.326s] Level 1:colcon.colcon_core.package_identification:_identify(scr) by extension 'ignore_ament_install'
[3.327s] Level 1:colcon.colcon_core.package_identification:_identify(scr) by extensions ['colcon_pkg']
[3.327s] Level 1:colcon.colcon_core.package_identification:_identify(scr) by extension 'colcon_pkg'
[3.328s] Level 1:colcon.colcon_core.package_identification:_identify(scr) by extensions ['colcon_meta']
[3.328s] Level 1:colcon.colcon_core.package_identification:_identify(scr) by extension 'colcon_meta'
[3.328s] Level 1:colcon.colcon_core.package_identification:_identify(scr) by extensions ['ros']
[3.328s] Level 1:colcon.colcon_core.package_identification:_identify(scr) by extension 'ros'
[3.329s] Level 1:colcon.colcon_core.package_identification:_identify(scr) by extensions ['cmake', 'python']
[3.329s] Level 1:colcon.colcon_core.package_identification:_identify(scr) by extension 'cmake'
[3.329s] Level 1:colcon.colcon_core.package_identification:_identify(scr) by extension 'python'
[3.329s] Level 1:colcon.colcon_core.package_identification:_identify(scr) by extensions ['python_setup_py']
[3.329s] Level 1:colcon.colcon_core.package_identification:_identify(scr) by extension 'python_setup_py'
[3.330s] Level 1:colcon.colcon_core.package_identification:_identify(scr/toycar) by extensions ['ignore', 'ignore_ament_install']
[3.330s] Level 1:colcon.colcon_core.package_identification:_identify(scr/toycar) by extension 'ignore'
[3.330s] Level 1:colcon.colcon_core.package_identification:_identify(scr/toycar) by extension 'ignore_ament_install'
[3.330s] Level 1:colcon.colcon_core.package_identification:_identify(scr/toycar) by extensions ['colcon_pkg']
[3.330s] Level 1:colcon.colcon_core.package_identification:_identify(scr/toycar) by extension 'colcon_pkg'
[3.330s] Level 1:colcon.colcon_core.package_identification:_identify(scr/toycar) by extensions ['colcon_meta']
[3.331s] Level 1:colcon.colcon_core.package_identification:_identify(scr/toycar) by extension 'colcon_meta'
[3.333s] Level 1:colcon.colcon_core.package_identification:_identify(scr/toycar) by extensions ['ros']
[3.334s] Level 1:colcon.colcon_core.package_identification:_identify(scr/toycar) by extension 'ros'
[3.371s] DEBUG:colcon.colcon_core.package_identification:Package 'scr/toycar' with type 'ros.ament_python' and name 'toycar'
[3.372s] Level 1:colcon.colcon_core.package_discovery:discover_packages(recursive) using defaults
[3.372s] Level 1:colcon.colcon_core.package_discovery:discover_packages(ignore) discover
[3.372s] Level 1:colcon.colcon_core.package_discovery:discover_packages(ignore) using defaults
[3.372s] Level 1:colcon.colcon_core.package_discovery:discover_packages(path) discover
[3.372s] Level 1:colcon.colcon_core.package_discovery:discover_packages(path) using defaults
[3.576s] Level 1:colcon.colcon_core.package_discovery:discover_packages(prefix_path) check parameters
[3.576s] Level 1:colcon.colcon_core.package_discovery:discover_packages(prefix_path) discover
[3.609s] DEBUG:colcon.colcon_installed_package_information.package_discovery:Found 393 installed packages in /opt/ros/humble
[3.625s] Level 1:colcon.colcon_core.package_discovery:discover_packages(prefix_path) using defaults
[4.540s] Level 5:colcon.colcon_core.verb:set package 'toycar' build argument 'cmake_args' from command line to 'None'
[4.540s] Level 5:colcon.colcon_core.verb:set package 'toycar' build argument 'cmake_target' from command line to 'None'
[4.540s] Level 5:colcon.colcon_core.verb:set package 'toycar' build argument 'cmake_target_skip_unavailable' from command line to 'False'
[4.540s] Level 5:colcon.colcon_core.verb:set package 'toycar' build argument 'cmake_clean_cache' from command line to 'False'
[4.540s] Level 5:colcon.colcon_core.verb:set package 'toycar' build argument 'cmake_clean_first' from command line to 'False'
[4.540s] Level 5:colcon.colcon_core.verb:set package 'toycar' build argument 'cmake_force_configure' from command line to 'False'
[4.540s] Level 5:colcon.colcon_core.verb:set package 'toycar' build argument 'ament_cmake_args' from command line to 'None'
[4.541s] Level 5:colcon.colcon_core.verb:set package 'toycar' build argument 'catkin_cmake_args' from command line to 'None'
[4.541s] Level 5:colcon.colcon_core.verb:set package 'toycar' build argument 'catkin_skip_building_tests' from command line to 'False'
[4.541s] DEBUG:colcon.colcon_core.verb:Building package 'toycar' with the following arguments: {'ament_cmake_args': None, 'build_base': '/home/jordan/Desktop/RObotics project/ros_ws/build/toycar', 'catkin_cmake_args': None, 'catkin_skip_building_tests': False, 'cmake_args': None, 'cmake_clean_cache': False, 'cmake_clean_first': False, 'cmake_force_configure': False, 'cmake_target': None, 'cmake_target_skip_unavailable': False, 'install_base': '/home/jordan/Desktop/RObotics project/ros_ws/install/toycar', 'merge_install': False, 'path': '/home/jordan/Desktop/RObotics project/ros_ws/scr/toycar', 'symlink_install': True, 'test_result_base': None}
[4.544s] INFO:colcon.colcon_core.executor:Executing jobs using 'parallel' executor
[4.559s] DEBUG:colcon.colcon_parallel_executor.executor.parallel:run_until_complete
[4.560s] INFO:colcon.colcon_ros.task.ament_python.build:Building ROS package in '/home/jordan/Desktop/RObotics project/ros_ws/scr/toycar' with build type 'ament_python'
[4.562s] Level 1:colcon.colcon_core.shell:create_environment_hook('toycar', 'ament_prefix_path')
[4.613s] INFO:colcon.colcon_core.plugin_system:Skipping extension 'colcon_core.shell.bat': Not used on non-Windows systems
[4.614s] INFO:colcon.colcon_core.shell:Creating environment hook '/home/jordan/Desktop/RObotics project/ros_ws/install/toycar/share/toycar/hook/ament_prefix_path.ps1'
[4.625s] INFO:colcon.colcon_core.shell:Creating environment descriptor '/home/jordan/Desktop/RObotics project/ros_ws/install/toycar/share/toycar/hook/ament_prefix_path.dsv'
[4.628s] INFO:colcon.colcon_core.shell:Creating environment hook '/home/jordan/Desktop/RObotics project/ros_ws/install/toycar/share/toycar/hook/ament_prefix_path.sh'
[4.646s] INFO:colcon.colcon_core.shell:Skip shell extension 'powershell' for command environment: Not usable outside of PowerShell
[4.647s] DEBUG:colcon.colcon_core.shell:Skip shell extension 'dsv' for command environment
[7.095s] INFO:colcon.colcon_core.task.python.build:Building Python package in '/home/jordan/Desktop/RObotics project/ros_ws/scr/toycar'
[7.110s] INFO:colcon.colcon_core.shell:Skip shell extension 'powershell' for command environment: Not usable outside of PowerShell
[7.110s] DEBUG:colcon.colcon_core.shell:Skip shell extension 'dsv' for command environment
[11.944s] DEBUG:colcon.colcon_core.event_handler.log_command:Invoking command in '/home/jordan/Desktop/RObotics project/ros_ws/build/toycar': PYTHONPATH=/home/jordan/Desktop/RObotics project/ros_ws/build/toycar/prefix_override:/home/jordan/Desktop/RObotics project/ros_ws/install/toycar/lib/python3.10/site-packages:${PYTHONPATH} /usr/bin/python3 setup.py develop --editable --build-directory /home/jordan/Desktop/RObotics project/ros_ws/build/toycar/build --no-deps install_data
[15.581s] Level 1:colcon.colcon_core.shell:create_environment_hook('toycar', 'pythonpath_develop')
[15.596s] DEBUG:colcon.colcon_core.event_handler.log_command:Invoked command in '/home/jordan/Desktop/RObotics project/ros_ws/build/toycar' returned '0': PYTHONPATH=/home/jordan/Desktop/RObotics project/ros_ws/build/toycar/prefix_override:/home/jordan/Desktop/RObotics project/ros_ws/install/toycar/lib/python3.10/site-packages:${PYTHONPATH} /usr/bin/python3 setup.py develop --editable --build-directory /home/jordan/Desktop/RObotics project/ros_ws/build/toycar/build --no-deps install_data
[15.597s] INFO:colcon.colcon_core.shell:Creating environment hook '/home/jordan/Desktop/RObotics project/ros_ws/build/toycar/share/toycar/hook/pythonpath_develop.ps1'
[15.598s] INFO:colcon.colcon_core.shell:Creating environment descriptor '/home/jordan/Desktop/RObotics project/ros_ws/build/toycar/share/toycar/hook/pythonpath_develop.dsv'
[15.599s] INFO:colcon.colcon_core.shell:Creating environment hook '/home/jordan/Desktop/RObotics project/ros_ws/build/toycar/share/toycar/hook/pythonpath_develop.sh'
[15.682s] Level 1:colcon.colcon_core.environment:checking '/home/jordan/Desktop/RObotics project/ros_ws/install/toycar' for CMake module files
[15.684s] Level 1:colcon.colcon_core.environment:checking '/home/jordan/Desktop/RObotics project/ros_ws/install/toycar' for CMake config files
[15.694s] Level 1:colcon.colcon_core.environment:checking '/home/jordan/Desktop/RObotics project/ros_ws/install/toycar/lib'
[15.696s] Level 1:colcon.colcon_core.environment:checking '/home/jordan/Desktop/RObotics project/ros_ws/install/toycar/bin'
[15.697s] Level 1:colcon.colcon_core.environment:checking '/home/jordan/Desktop/RObotics project/ros_ws/install/toycar/lib/pkgconfig/toycar.pc'
[15.698s] Level 1:colcon.colcon_core.environment:checking '/home/jordan/Desktop/RObotics project/ros_ws/install/toycar/lib/python3.10/site-packages'
[15.699s] Level 1:colcon.colcon_core.shell:create_environment_hook('toycar', 'pythonpath')
[15.710s] INFO:colcon.colcon_core.shell:Creating environment hook '/home/jordan/Desktop/RObotics project/ros_ws/install/toycar/share/toycar/hook/pythonpath.ps1'
[15.712s] INFO:colcon.colcon_core.shell:Creating environment descriptor '/home/jordan/Desktop/RObotics project/ros_ws/install/toycar/share/toycar/hook/pythonpath.dsv'
[15.714s] INFO:colcon.colcon_core.shell:Creating environment hook '/home/jordan/Desktop/RObotics project/ros_ws/install/toycar/share/toycar/hook/pythonpath.sh'
[15.716s] Level 1:colcon.colcon_core.environment:checking '/home/jordan/Desktop/RObotics project/ros_ws/install/toycar/bin'
[15.716s] Level 1:colcon.colcon_core.environment:create_environment_scripts_only(toycar)
[15.728s] INFO:colcon.colcon_core.shell:Creating package script '/home/jordan/Desktop/RObotics project/ros_ws/install/toycar/share/toycar/package.ps1'
[15.732s] INFO:colcon.colcon_core.shell:Creating package descriptor '/home/jordan/Desktop/RObotics project/ros_ws/install/toycar/share/toycar/package.dsv'
[15.740s] INFO:colcon.colcon_core.shell:Creating package script '/home/jordan/Desktop/RObotics project/ros_ws/install/toycar/share/toycar/package.sh'
[15.749s] INFO:colcon.colcon_core.shell:Creating package script '/home/jordan/Desktop/RObotics project/ros_ws/install/toycar/share/toycar/package.bash'
[15.761s] INFO:colcon.colcon_core.shell:Creating package script '/home/jordan/Desktop/RObotics project/ros_ws/install/toycar/share/toycar/package.zsh'
[15.765s] Level 1:colcon.colcon_core.environment:create_file_with_runtime_dependencies(/home/jordan/Desktop/RObotics project/ros_ws/install/toycar/share/colcon-core/packages/toycar)
[15.770s] DEBUG:colcon.colcon_parallel_executor.executor.parallel:closing loop
[15.772s] DEBUG:colcon.colcon_parallel_executor.executor.parallel:loop closed
[15.777s] DEBUG:colcon.colcon_parallel_executor.executor.parallel:run_until_complete finished with '0'
[15.778s] DEBUG:colcon.colcon_core.event_reactor:joining thread
[15.850s] INFO:colcon.colcon_core.plugin_system:Skipping extension 'colcon_notification.desktop_notification.terminal_notifier': Not used on non-Darwin systems
[15.852s] INFO:colcon.colcon_core.plugin_system:Skipping extension 'colcon_notification.desktop_notification.win32': Not used on non-Windows systems
[15.853s] INFO:colcon.colcon_notification.desktop_notification:Sending desktop notification using 'notify2'
[16.106s] DEBUG:colcon.colcon_core.event_reactor:joined thread
[16.111s] INFO:colcon.colcon_core.shell:Creating prefix script '/home/jordan/Desktop/RObotics project/ros_ws/install/local_setup.ps1'
[16.114s] INFO:colcon.colcon_core.shell:Creating prefix util module '/home/jordan/Desktop/RObotics project/ros_ws/install/_local_setup_util_ps1.py'
[16.123s] INFO:colcon.colcon_core.shell:Creating prefix chain script '/home/jordan/Desktop/RObotics project/ros_ws/install/setup.ps1'
[16.127s] INFO:colcon.colcon_core.shell:Creating prefix script '/home/jordan/Desktop/RObotics project/ros_ws/install/local_setup.sh'
[16.129s] INFO:colcon.colcon_core.shell:Creating prefix util module '/home/jordan/Desktop/RObotics project/ros_ws/install/_local_setup_util_sh.py'
[16.130s] INFO:colcon.colcon_core.shell:Creating prefix chain script '/home/jordan/Desktop/RObotics project/ros_ws/install/setup.sh'
[16.140s] INFO:colcon.colcon_core.shell:Creating prefix script '/home/jordan/Desktop/RObotics project/ros_ws/install/local_setup.bash'
[16.142s] INFO:colcon.colcon_core.shell:Creating prefix chain script '/home/jordan/Desktop/RObotics project/ros_ws/install/setup.bash'
[16.147s] INFO:colcon.colcon_core.shell:Creating prefix script '/home/jordan/Desktop/RObotics project/ros_ws/install/local_setup.zsh'
[16.154s] INFO:colcon.colcon_core.shell:Creating prefix chain script '/home/jordan/Desktop/RObotics project/ros_ws/install/setup.zsh'
