running develop
running egg_info
writing ../../build/toycar/toycar.egg-info/PKG-INFO
writing dependency_links to ../../build/toycar/toycar.egg-info/dependency_links.txt
writing entry points to ../../build/toycar/toycar.egg-info/entry_points.txt
writing requirements to ../../build/toycar/toycar.egg-info/requires.txt
writing top-level names to ../../build/toycar/toycar.egg-info/top_level.txt
reading manifest file '../../build/toycar/toycar.egg-info/SOURCES.txt'
writing manifest file '../../build/toycar/toycar.egg-info/SOURCES.txt'
running build
running build_py
running install
running install_lib
running install_data
copying urdf_description/diff_drive.xacro -> /home/jordan/Desktop/RObotics project/ros_ws/install/toycar/share/toycar/urdf_description/
copying config/view.rviz -> /home/jordan/Desktop/RObotics project/ros_ws/install/toycar/share/toycar/config/
copying launch/slamming.launch.py -> /home/jordan/Desktop/RObotics project/ros_ws/install/toycar/share/toycar/launch/
running install_egg_info
removing '/home/jordan/Desktop/RObotics project/ros_ws/install/toycar/lib/python3.10/site-packages/toycar-0.0.0-py3.10.egg-info' (and everything under it)
Copying ../../build/toycar/toycar.egg-info to /home/jordan/Desktop/RObotics project/ros_ws/install/toycar/lib/python3.10/site-packages/toycar-0.0.0-py3.10.egg-info
running install_scripts
writing list of installed files to '/home/jordan/Desktop/RObotics project/ros_ws/build/toycar/install.log'
