[1.431s] Invoking command in '/home/jordan/Desktop/RObotics project/ros_ws/build/toycar': PYTHONPATH=/home/jordan/Desktop/RObotics project/ros_ws/build/toycar/prefix_override:/home/jordan/Desktop/RObotics project/ros_ws/install/toycar/lib/python3.10/site-packages:${PYTHONPATH} /usr/bin/python3 setup.py develop --uninstall --editable --build-directory /home/jordan/Desktop/RObotics project/ros_ws/build/toycar/build
[1.900s] running develop
[2.205s] Removing /home/jordan/Desktop/RObotics project/ros_ws/install/toycar/lib/python3.10/site-packages/toycar.egg-link (link to .)
[2.271s] Invoked command in '/home/jordan/Desktop/RObotics project/ros_ws/build/toycar' returned '0': PYTHONPATH=/home/jordan/Desktop/RObotics project/ros_ws/build/toycar/prefix_override:/home/jordan/Desktop/RObotics project/ros_ws/install/toycar/lib/python3.10/site-packages:${PYTHONPATH} /usr/bin/python3 setup.py develop --uninstall --editable --build-directory /home/jordan/Desktop/RObotics project/ros_ws/build/toycar/build
[2.275s] Invoking command in '/home/jordan/Desktop/RObotics project/ros_ws/scr/toycar': PYTHONPATH=/home/jordan/Desktop/RObotics project/ros_ws/build/toycar/prefix_override:/home/jordan/Desktop/RObotics project/ros_ws/install/toycar/lib/python3.10/site-packages:${PYTHONPATH} /usr/bin/python3 setup.py egg_info --egg-base ../../build/toycar build --build-base /home/jordan/Desktop/RObotics project/ros_ws/build/toycar/build install --record /home/jordan/Desktop/RObotics project/ros_ws/build/toycar/install.log --single-version-externally-managed
[2.715s] running egg_info
[2.716s] writing ../../build/toycar/toycar.egg-info/PKG-INFO
[2.717s] writing dependency_links to ../../build/toycar/toycar.egg-info/dependency_links.txt
[2.717s] writing entry points to ../../build/toycar/toycar.egg-info/entry_points.txt
[2.717s] writing requirements to ../../build/toycar/toycar.egg-info/requires.txt
[2.717s] writing top-level names to ../../build/toycar/toycar.egg-info/top_level.txt
[2.720s] reading manifest file '../../build/toycar/toycar.egg-info/SOURCES.txt'
[2.723s] writing manifest file '../../build/toycar/toycar.egg-info/SOURCES.txt'
[2.724s] running build
[2.724s] running build_py
[2.724s] creating /home/jordan/Desktop/RObotics project/ros_ws/build/toycar/build
[2.724s] creating /home/jordan/Desktop/RObotics project/ros_ws/build/toycar/build/lib
[2.724s] creating /home/jordan/Desktop/RObotics project/ros_ws/build/toycar/build/lib/toycar
[2.725s] copying toycar/__init__.py -> /home/jordan/Desktop/RObotics project/ros_ws/build/toycar/build/lib/toycar
[2.725s] running install
[2.725s] running install_lib
[2.727s] creating /home/jordan/Desktop/RObotics project/ros_ws/install/toycar/lib/python3.10/site-packages/toycar
[2.727s] copying /home/jordan/Desktop/RObotics project/ros_ws/build/toycar/build/lib/toycar/__init__.py -> /home/jordan/Desktop/RObotics project/ros_ws/install/toycar/lib/python3.10/site-packages/toycar
[2.728s] byte-compiling /home/jordan/Desktop/RObotics project/ros_ws/install/toycar/lib/python3.10/site-packages/toycar/__init__.py to __init__.cpython-310.pyc
[2.728s] running install_data
[2.730s] copying launch/robot_spawn.launch.py -> /home/jordan/Desktop/RObotics project/ros_ws/install/toycar/share/toycar/launch/
[2.730s] running install_egg_info
[2.732s] Copying ../../build/toycar/toycar.egg-info to /home/jordan/Desktop/RObotics project/ros_ws/install/toycar/lib/python3.10/site-packages/toycar-0.0.0-py3.10.egg-info
[2.733s] running install_scripts
[2.769s] writing list of installed files to '/home/jordan/Desktop/RObotics project/ros_ws/build/toycar/install.log'
[2.819s] Invoked command in '/home/jordan/Desktop/RObotics project/ros_ws/scr/toycar' returned '0': PYTHONPATH=/home/jordan/Desktop/RObotics project/ros_ws/build/toycar/prefix_override:/home/jordan/Desktop/RObotics project/ros_ws/install/toycar/lib/python3.10/site-packages:${PYTHONPATH} /usr/bin/python3 setup.py egg_info --egg-base ../../build/toycar build --build-base /home/jordan/Desktop/RObotics project/ros_ws/build/toycar/build install --record /home/jordan/Desktop/RObotics project/ros_ws/build/toycar/install.log --single-version-externally-managed
