[1.030s] Invoking command in '/home/jordan/Desktop/RObotics project/ros_ws/build/toycar': PYTHONPATH=/home/jordan/Desktop/RObotics project/ros_ws/build/toycar/prefix_override:/home/jordan/Desktop/RObotics project/ros_ws/install/toycar/lib/python3.10/site-packages:${PYTHONPATH} /usr/bin/python3 setup.py develop --uninstall --editable --build-directory /home/jordan/Desktop/RObotics project/ros_ws/build/toycar/build
[1.413s] running develop
[1.706s] Invoked command in '/home/jordan/Desktop/RObotics project/ros_ws/build/toycar' returned '0': PYTHONPATH=/home/jordan/Desktop/RObotics project/ros_ws/build/toycar/prefix_override:/home/jordan/Desktop/RObotics project/ros_ws/install/toycar/lib/python3.10/site-packages:${PYTHONPATH} /usr/bin/python3 setup.py develop --uninstall --editable --build-directory /home/jordan/Desktop/RObotics project/ros_ws/build/toycar/build
[1.709s] Invoking command in '/home/jordan/Desktop/RObotics project/ros_ws/scr/toycar': PYTHONPATH=/home/jordan/Desktop/RObotics project/ros_ws/build/toycar/prefix_override:/home/jordan/Desktop/RObotics project/ros_ws/install/toycar/lib/python3.10/site-packages:${PYTHONPATH} /usr/bin/python3 setup.py egg_info --egg-base ../../build/toycar build --build-base /home/jordan/Desktop/RObotics project/ros_ws/build/toycar/build install --record /home/jordan/Desktop/RObotics project/ros_ws/build/toycar/install.log --single-version-externally-managed
[2.071s] running egg_info
[2.072s] writing ../../build/toycar/toycar.egg-info/PKG-INFO
[2.072s] writing dependency_links to ../../build/toycar/toycar.egg-info/dependency_links.txt
[2.073s] writing entry points to ../../build/toycar/toycar.egg-info/entry_points.txt
[2.073s] writing requirements to ../../build/toycar/toycar.egg-info/requires.txt
[2.073s] writing top-level names to ../../build/toycar/toycar.egg-info/top_level.txt
[2.076s] reading manifest file '../../build/toycar/toycar.egg-info/SOURCES.txt'
[2.078s] writing manifest file '../../build/toycar/toycar.egg-info/SOURCES.txt'
[2.078s] running build
[2.078s] running build_py
[2.078s] running install
[2.079s] running install_lib
[2.081s] running install_data
[2.083s] running install_egg_info
[2.085s] removing '/home/jordan/Desktop/RObotics project/ros_ws/install/toycar/lib/python3.10/site-packages/toycar-0.0.0-py3.10.egg-info' (and everything under it)
[2.085s] Copying ../../build/toycar/toycar.egg-info to /home/jordan/Desktop/RObotics project/ros_ws/install/toycar/lib/python3.10/site-packages/toycar-0.0.0-py3.10.egg-info
[2.086s] running install_scripts
[2.111s] Installing Scan_pre_process script to /home/jordan/Desktop/RObotics project/ros_ws/install/toycar/lib/toycar
[2.111s] writing list of installed files to '/home/jordan/Desktop/RObotics project/ros_ws/build/toycar/install.log'
[2.157s] Invoked command in '/home/jordan/Desktop/RObotics project/ros_ws/scr/toycar' returned '0': PYTHONPATH=/home/jordan/Desktop/RObotics project/ros_ws/build/toycar/prefix_override:/home/jordan/Desktop/RObotics project/ros_ws/install/toycar/lib/python3.10/site-packages:${PYTHONPATH} /usr/bin/python3 setup.py egg_info --egg-base ../../build/toycar build --build-base /home/jordan/Desktop/RObotics project/ros_ws/build/toycar/build install --record /home/jordan/Desktop/RObotics project/ros_ws/build/toycar/install.log --single-version-externally-managed
