[0.455s] DEBUG:colcon:Command line arguments: ['/usr/bin/colcon', 'build']
[0.455s] DEBUG:colcon:Parsed command line arguments: Namespace(log_base=None, log_level=None, verb_name='build', build_base='build', install_base='install', merge_install=False, symlink_install=False, test_result_base=None, continue_on_error=False, executor='parallel', parallel_workers=4, event_handlers=None, ignore_user_meta=False, metas=['./colcon.meta'], base_paths=['.'], packages_ignore=None, packages_ignore_regex=None, paths=None, packages_up_to=None, packages_up_to_regex=None, packages_above=None, packages_above_and_dependencies=None, packages_above_depth=None, packages_select_by_dep=None, packages_skip_by_dep=None, packages_skip_up_to=None, packages_select_build_failed=False, packages_skip_build_finished=False, packages_select_test_failures=False, packages_skip_test_passed=False, packages_select=None, packages_skip=None, packages_select_regex=None, packages_skip_regex=None, packages_start=None, packages_end=None, allow_overriding=[], cmake_args=None, cmake_target=None, cmake_target_skip_unavailable=False, cmake_clean_cache=False, cmake_clean_first=False, cmake_force_configure=False, ament_cmake_args=None, catkin_cmake_args=None, catkin_skip_building_tests=False, verb_parser=<colcon_defaults.argument_parser.defaults.DefaultArgumentsDecorator object at 0x7f5cf3c9abf0>, verb_extension=<colcon_core.verb.build.BuildVerb object at 0x7f5cf3c9a680>, main=<bound method BuildVerb.main of <colcon_core.verb.build.BuildVerb object at 0x7f5cf3c9a680>>)
[0.485s] Level 1:colcon.colcon_core.package_discovery:discover_packages(colcon_meta) check parameters
[0.485s] Level 1:colcon.colcon_core.package_discovery:discover_packages(recursive) check parameters
[0.485s] Level 1:colcon.colcon_core.package_discovery:discover_packages(ignore) check parameters
[0.485s] Level 1:colcon.colcon_core.package_discovery:discover_packages(path) check parameters
[0.485s] Level 1:colcon.colcon_core.package_discovery:discover_packages(colcon_meta) discover
[0.485s] Level 1:colcon.colcon_core.package_discovery:discover_packages(recursive) discover
[0.486s] INFO:colcon.colcon_core.package_discovery:Crawling recursively for packages in '/home/jordan/Desktop/RObotics project/ros_ws'
[0.486s] Level 1:colcon.colcon_core.package_identification:_identify(.) by extensions ['ignore', 'ignore_ament_install']
[0.486s] Level 1:colcon.colcon_core.package_identification:_identify(.) by extension 'ignore'
[0.486s] Level 1:colcon.colcon_core.package_identification:_identify(.) by extension 'ignore_ament_install'
[0.486s] Level 1:colcon.colcon_core.package_identification:_identify(.) by extensions ['colcon_pkg']
[0.486s] Level 1:colcon.colcon_core.package_identification:_identify(.) by extension 'colcon_pkg'
[0.486s] Level 1:colcon.colcon_core.package_identification:_identify(.) by extensions ['colcon_meta']
[0.486s] Level 1:colcon.colcon_core.package_identification:_identify(.) by extension 'colcon_meta'
[0.486s] Level 1:colcon.colcon_core.package_identification:_identify(.) by extensions ['ros']
[0.486s] Level 1:colcon.colcon_core.package_identification:_identify(.) by extension 'ros'
[0.503s] Level 1:colcon.colcon_core.package_identification:_identify(.) by extensions ['cmake', 'python']
[0.503s] Level 1:colcon.colcon_core.package_identification:_identify(.) by extension 'cmake'
[0.503s] Level 1:colcon.colcon_core.package_identification:_identify(.) by extension 'python'
[0.503s] Level 1:colcon.colcon_core.package_identification:_identify(.) by extensions ['python_setup_py']
[0.504s] Level 1:colcon.colcon_core.package_identification:_identify(.) by extension 'python_setup_py'
[0.504s] Level 1:colcon.colcon_core.package_identification:_identify(build) by extensions ['ignore', 'ignore_ament_install']
[0.504s] Level 1:colcon.colcon_core.package_identification:_identify(build) by extension 'ignore'
[0.504s] Level 1:colcon.colcon_core.package_identification:_identify(build) ignored
[0.504s] Level 1:colcon.colcon_core.package_identification:_identify(install) by extensions ['ignore', 'ignore_ament_install']
[0.504s] Level 1:colcon.colcon_core.package_identification:_identify(install) by extension 'ignore'
[0.504s] Level 1:colcon.colcon_core.package_identification:_identify(install) ignored
[0.505s] Level 1:colcon.colcon_core.package_identification:_identify(log) by extensions ['ignore', 'ignore_ament_install']
[0.505s] Level 1:colcon.colcon_core.package_identification:_identify(log) by extension 'ignore'
[0.505s] Level 1:colcon.colcon_core.package_identification:_identify(log) ignored
[0.505s] Level 1:colcon.colcon_core.package_identification:_identify(scr) by extensions ['ignore', 'ignore_ament_install']
[0.505s] Level 1:colcon.colcon_core.package_identification:_identify(scr) by extension 'ignore'
[0.505s] Level 1:colcon.colcon_core.package_identification:_identify(scr) by extension 'ignore_ament_install'
[0.505s] Level 1:colcon.colcon_core.package_identification:_identify(scr) by extensions ['colcon_pkg']
[0.506s] Level 1:colcon.colcon_core.package_identification:_identify(scr) by extension 'colcon_pkg'
[0.506s] Level 1:colcon.colcon_core.package_identification:_identify(scr) by extensions ['colcon_meta']
[0.506s] Level 1:colcon.colcon_core.package_identification:_identify(scr) by extension 'colcon_meta'
[0.506s] Level 1:colcon.colcon_core.package_identification:_identify(scr) by extensions ['ros']
[0.506s] Level 1:colcon.colcon_core.package_identification:_identify(scr) by extension 'ros'
[0.506s] Level 1:colcon.colcon_core.package_identification:_identify(scr) by extensions ['cmake', 'python']
[0.506s] Level 1:colcon.colcon_core.package_identification:_identify(scr) by extension 'cmake'
[0.506s] Level 1:colcon.colcon_core.package_identification:_identify(scr) by extension 'python'
[0.506s] Level 1:colcon.colcon_core.package_identification:_identify(scr) by extensions ['python_setup_py']
[0.506s] Level 1:colcon.colcon_core.package_identification:_identify(scr) by extension 'python_setup_py'
[0.506s] Level 1:colcon.colcon_core.package_identification:_identify(scr/toycar) by extensions ['ignore', 'ignore_ament_install']
[0.507s] Level 1:colcon.colcon_core.package_identification:_identify(scr/toycar) by extension 'ignore'
[0.507s] Level 1:colcon.colcon_core.package_identification:_identify(scr/toycar) by extension 'ignore_ament_install'
[0.507s] Level 1:colcon.colcon_core.package_identification:_identify(scr/toycar) by extensions ['colcon_pkg']
[0.507s] Level 1:colcon.colcon_core.package_identification:_identify(scr/toycar) by extension 'colcon_pkg'
[0.507s] Level 1:colcon.colcon_core.package_identification:_identify(scr/toycar) by extensions ['colcon_meta']
[0.507s] Level 1:colcon.colcon_core.package_identification:_identify(scr/toycar) by extension 'colcon_meta'
[0.507s] Level 1:colcon.colcon_core.package_identification:_identify(scr/toycar) by extensions ['ros']
[0.507s] Level 1:colcon.colcon_core.package_identification:_identify(scr/toycar) by extension 'ros'
[0.510s] DEBUG:colcon.colcon_core.package_identification:Package 'scr/toycar' with type 'ros.ament_python' and name 'toycar'
[0.510s] Level 1:colcon.colcon_core.package_discovery:discover_packages(recursive) using defaults
[0.511s] Level 1:colcon.colcon_core.package_discovery:discover_packages(ignore) discover
[0.511s] Level 1:colcon.colcon_core.package_discovery:discover_packages(ignore) using defaults
[0.511s] Level 1:colcon.colcon_core.package_discovery:discover_packages(path) discover
[0.511s] Level 1:colcon.colcon_core.package_discovery:discover_packages(path) using defaults
[0.542s] Level 1:colcon.colcon_core.package_discovery:discover_packages(prefix_path) check parameters
[0.542s] Level 1:colcon.colcon_core.package_discovery:discover_packages(prefix_path) discover
[0.545s] DEBUG:colcon.colcon_installed_package_information.package_discovery:Found 1 installed packages in /home/jordan/Desktop/RObotics project/ros_ws/install
[0.548s] DEBUG:colcon.colcon_installed_package_information.package_discovery:Found 395 installed packages in /opt/ros/humble
[0.552s] Level 1:colcon.colcon_core.package_discovery:discover_packages(prefix_path) using defaults
[0.649s] Level 5:colcon.colcon_core.verb:set package 'toycar' build argument 'cmake_args' from command line to 'None'
[0.649s] Level 5:colcon.colcon_core.verb:set package 'toycar' build argument 'cmake_target' from command line to 'None'
[0.649s] Level 5:colcon.colcon_core.verb:set package 'toycar' build argument 'cmake_target_skip_unavailable' from command line to 'False'
[0.649s] Level 5:colcon.colcon_core.verb:set package 'toycar' build argument 'cmake_clean_cache' from command line to 'False'
[0.649s] Level 5:colcon.colcon_core.verb:set package 'toycar' build argument 'cmake_clean_first' from command line to 'False'
[0.649s] Level 5:colcon.colcon_core.verb:set package 'toycar' build argument 'cmake_force_configure' from command line to 'False'
[0.649s] Level 5:colcon.colcon_core.verb:set package 'toycar' build argument 'ament_cmake_args' from command line to 'None'
[0.649s] Level 5:colcon.colcon_core.verb:set package 'toycar' build argument 'catkin_cmake_args' from command line to 'None'
[0.649s] Level 5:colcon.colcon_core.verb:set package 'toycar' build argument 'catkin_skip_building_tests' from command line to 'False'
[0.649s] DEBUG:colcon.colcon_core.verb:Building package 'toycar' with the following arguments: {'ament_cmake_args': None, 'build_base': '/home/jordan/Desktop/RObotics project/ros_ws/build/toycar', 'catkin_cmake_args': None, 'catkin_skip_building_tests': False, 'cmake_args': None, 'cmake_clean_cache': False, 'cmake_clean_first': False, 'cmake_force_configure': False, 'cmake_target': None, 'cmake_target_skip_unavailable': False, 'install_base': '/home/jordan/Desktop/RObotics project/ros_ws/install/toycar', 'merge_install': False, 'path': '/home/jordan/Desktop/RObotics project/ros_ws/scr/toycar', 'symlink_install': False, 'test_result_base': None}
[0.650s] INFO:colcon.colcon_core.executor:Executing jobs using 'parallel' executor
[0.654s] DEBUG:colcon.colcon_parallel_executor.executor.parallel:run_until_complete
[0.655s] INFO:colcon.colcon_ros.task.ament_python.build:Building ROS package in '/home/jordan/Desktop/RObotics project/ros_ws/scr/toycar' with build type 'ament_python'
[0.655s] Level 1:colcon.colcon_core.shell:create_environment_hook('toycar', 'ament_prefix_path')
[0.661s] INFO:colcon.colcon_core.plugin_system:Skipping extension 'colcon_core.shell.bat': Not used on non-Windows systems
[0.661s] INFO:colcon.colcon_core.shell:Creating environment hook '/home/jordan/Desktop/RObotics project/ros_ws/install/toycar/share/toycar/hook/ament_prefix_path.ps1'
[0.662s] INFO:colcon.colcon_core.shell:Creating environment descriptor '/home/jordan/Desktop/RObotics project/ros_ws/install/toycar/share/toycar/hook/ament_prefix_path.dsv'
[0.662s] INFO:colcon.colcon_core.shell:Creating environment hook '/home/jordan/Desktop/RObotics project/ros_ws/install/toycar/share/toycar/hook/ament_prefix_path.sh'
[0.664s] INFO:colcon.colcon_core.shell:Skip shell extension 'powershell' for command environment: Not usable outside of PowerShell
[0.664s] DEBUG:colcon.colcon_core.shell:Skip shell extension 'dsv' for command environment
[1.070s] INFO:colcon.colcon_core.task.python.build:Building Python package in '/home/jordan/Desktop/RObotics project/ros_ws/scr/toycar'
[1.072s] INFO:colcon.colcon_core.shell:Skip shell extension 'powershell' for command environment: Not usable outside of PowerShell
[1.072s] DEBUG:colcon.colcon_core.shell:Skip shell extension 'dsv' for command environment
[1.643s] DEBUG:colcon.colcon_core.event_handler.log_command:Invoking command in '/home/jordan/Desktop/RObotics project/ros_ws/build/toycar': PYTHONPATH=/home/jordan/Desktop/RObotics project/ros_ws/build/toycar/prefix_override:/home/jordan/Desktop/RObotics project/ros_ws/install/toycar/lib/python3.10/site-packages:${PYTHONPATH} /usr/bin/python3 setup.py develop --uninstall --editable --build-directory /home/jordan/Desktop/RObotics project/ros_ws/build/toycar/build
[2.324s] DEBUG:colcon.colcon_core.event_handler.log_command:Invoked command in '/home/jordan/Desktop/RObotics project/ros_ws/build/toycar' returned '0': PYTHONPATH=/home/jordan/Desktop/RObotics project/ros_ws/build/toycar/prefix_override:/home/jordan/Desktop/RObotics project/ros_ws/install/toycar/lib/python3.10/site-packages:${PYTHONPATH} /usr/bin/python3 setup.py develop --uninstall --editable --build-directory /home/jordan/Desktop/RObotics project/ros_ws/build/toycar/build
[2.326s] DEBUG:colcon.colcon_core.event_handler.log_command:Invoking command in '/home/jordan/Desktop/RObotics project/ros_ws/scr/toycar': PYTHONPATH=/home/jordan/Desktop/RObotics project/ros_ws/build/toycar/prefix_override:/home/jordan/Desktop/RObotics project/ros_ws/install/toycar/lib/python3.10/site-packages:${PYTHONPATH} /usr/bin/python3 setup.py egg_info --egg-base ../../build/toycar build --build-base /home/jordan/Desktop/RObotics project/ros_ws/build/toycar/build install --record /home/jordan/Desktop/RObotics project/ros_ws/build/toycar/install.log --single-version-externally-managed
[2.770s] DEBUG:colcon.colcon_core.event_handler.log_command:Invoked command in '/home/jordan/Desktop/RObotics project/ros_ws/scr/toycar' returned '0': PYTHONPATH=/home/jordan/Desktop/RObotics project/ros_ws/build/toycar/prefix_override:/home/jordan/Desktop/RObotics project/ros_ws/install/toycar/lib/python3.10/site-packages:${PYTHONPATH} /usr/bin/python3 setup.py egg_info --egg-base ../../build/toycar build --build-base /home/jordan/Desktop/RObotics project/ros_ws/build/toycar/build install --record /home/jordan/Desktop/RObotics project/ros_ws/build/toycar/install.log --single-version-externally-managed
[2.776s] Level 1:colcon.colcon_core.environment:checking '/home/jordan/Desktop/RObotics project/ros_ws/install/toycar' for CMake module files
[2.777s] Level 1:colcon.colcon_core.environment:checking '/home/jordan/Desktop/RObotics project/ros_ws/install/toycar' for CMake config files
[2.778s] Level 1:colcon.colcon_core.environment:checking '/home/jordan/Desktop/RObotics project/ros_ws/install/toycar/lib'
[2.778s] Level 1:colcon.colcon_core.environment:checking '/home/jordan/Desktop/RObotics project/ros_ws/install/toycar/bin'
[2.778s] Level 1:colcon.colcon_core.environment:checking '/home/jordan/Desktop/RObotics project/ros_ws/install/toycar/lib/pkgconfig/toycar.pc'
[2.778s] Level 1:colcon.colcon_core.environment:checking '/home/jordan/Desktop/RObotics project/ros_ws/install/toycar/lib/python3.10/site-packages'
[2.779s] Level 1:colcon.colcon_core.shell:create_environment_hook('toycar', 'pythonpath')
[2.780s] INFO:colcon.colcon_core.shell:Creating environment hook '/home/jordan/Desktop/RObotics project/ros_ws/install/toycar/share/toycar/hook/pythonpath.ps1'
[2.781s] INFO:colcon.colcon_core.shell:Creating environment descriptor '/home/jordan/Desktop/RObotics project/ros_ws/install/toycar/share/toycar/hook/pythonpath.dsv'
[2.781s] INFO:colcon.colcon_core.shell:Creating environment hook '/home/jordan/Desktop/RObotics project/ros_ws/install/toycar/share/toycar/hook/pythonpath.sh'
[2.782s] Level 1:colcon.colcon_core.environment:checking '/home/jordan/Desktop/RObotics project/ros_ws/install/toycar/bin'
[2.782s] Level 1:colcon.colcon_core.environment:create_environment_scripts_only(toycar)
[2.784s] INFO:colcon.colcon_core.shell:Creating package script '/home/jordan/Desktop/RObotics project/ros_ws/install/toycar/share/toycar/package.ps1'
[2.785s] INFO:colcon.colcon_core.shell:Creating package descriptor '/home/jordan/Desktop/RObotics project/ros_ws/install/toycar/share/toycar/package.dsv'
[2.786s] INFO:colcon.colcon_core.shell:Creating package script '/home/jordan/Desktop/RObotics project/ros_ws/install/toycar/share/toycar/package.sh'
[2.788s] INFO:colcon.colcon_core.shell:Creating package script '/home/jordan/Desktop/RObotics project/ros_ws/install/toycar/share/toycar/package.bash'
[2.790s] INFO:colcon.colcon_core.shell:Creating package script '/home/jordan/Desktop/RObotics project/ros_ws/install/toycar/share/toycar/package.zsh'
[2.791s] Level 1:colcon.colcon_core.environment:create_file_with_runtime_dependencies(/home/jordan/Desktop/RObotics project/ros_ws/install/toycar/share/colcon-core/packages/toycar)
[2.792s] DEBUG:colcon.colcon_parallel_executor.executor.parallel:closing loop
[2.792s] DEBUG:colcon.colcon_parallel_executor.executor.parallel:loop closed
[2.793s] DEBUG:colcon.colcon_parallel_executor.executor.parallel:run_until_complete finished with '0'
[2.793s] DEBUG:colcon.colcon_core.event_reactor:joining thread
[2.801s] INFO:colcon.colcon_core.plugin_system:Skipping extension 'colcon_notification.desktop_notification.terminal_notifier': Not used on non-Darwin systems
[2.801s] INFO:colcon.colcon_core.plugin_system:Skipping extension 'colcon_notification.desktop_notification.win32': Not used on non-Windows systems
[2.801s] INFO:colcon.colcon_notification.desktop_notification:Sending desktop notification using 'notify2'
[2.818s] DEBUG:colcon.colcon_core.event_reactor:joined thread
[2.823s] INFO:colcon.colcon_core.shell:Creating prefix script '/home/jordan/Desktop/RObotics project/ros_ws/install/local_setup.ps1'
[2.825s] INFO:colcon.colcon_core.shell:Creating prefix util module '/home/jordan/Desktop/RObotics project/ros_ws/install/_local_setup_util_ps1.py'
[2.827s] INFO:colcon.colcon_core.shell:Creating prefix chain script '/home/jordan/Desktop/RObotics project/ros_ws/install/setup.ps1'
[2.830s] INFO:colcon.colcon_core.shell:Creating prefix script '/home/jordan/Desktop/RObotics project/ros_ws/install/local_setup.sh'
[2.830s] INFO:colcon.colcon_core.shell:Creating prefix util module '/home/jordan/Desktop/RObotics project/ros_ws/install/_local_setup_util_sh.py'
[2.831s] INFO:colcon.colcon_core.shell:Creating prefix chain script '/home/jordan/Desktop/RObotics project/ros_ws/install/setup.sh'
[2.833s] INFO:colcon.colcon_core.shell:Creating prefix script '/home/jordan/Desktop/RObotics project/ros_ws/install/local_setup.bash'
[2.833s] INFO:colcon.colcon_core.shell:Creating prefix chain script '/home/jordan/Desktop/RObotics project/ros_ws/install/setup.bash'
[2.835s] INFO:colcon.colcon_core.shell:Creating prefix script '/home/jordan/Desktop/RObotics project/ros_ws/install/local_setup.zsh'
[2.836s] INFO:colcon.colcon_core.shell:Creating prefix chain script '/home/jordan/Desktop/RObotics project/ros_ws/install/setup.zsh'
