[4.968s] Invoking command in '/home/jordan/Desktop/RObotics project/ros_ws/build/toycar': PYTHONPATH=/home/jordan/Desktop/RObotics project/ros_ws/build/toycar/prefix_override:/home/jordan/Desktop/RObotics project/ros_ws/install/toycar/lib/python3.10/site-packages:${PYTHONPATH} /usr/bin/python3 setup.py develop --uninstall --editable --build-directory /home/jordan/Desktop/RObotics project/ros_ws/build/toycar/build
[6.307s] running develop
[7.298s] Removing /home/jordan/Desktop/RObotics project/ros_ws/install/toycar/lib/python3.10/site-packages/toycar.egg-link (link to .)
[7.414s] Invoked command in '/home/jordan/Desktop/RObotics project/ros_ws/build/toycar' returned '0': PYTHONPATH=/home/jordan/Desktop/RObotics project/ros_ws/build/toycar/prefix_override:/home/jordan/Desktop/RObotics project/ros_ws/install/toycar/lib/python3.10/site-packages:${PYTHONPATH} /usr/bin/python3 setup.py develop --uninstall --editable --build-directory /home/jordan/Desktop/RObotics project/ros_ws/build/toycar/build
[7.425s] Invoking command in '/home/jordan/Desktop/RObotics project/ros_ws/scr/toycar': PYTHONPATH=/home/jordan/Desktop/RObotics project/ros_ws/build/toycar/prefix_override:/home/jordan/Desktop/RObotics project/ros_ws/install/toycar/lib/python3.10/site-packages:${PYTHONPATH} /usr/bin/python3 setup.py egg_info --egg-base ../../build/toycar build --build-base /home/jordan/Desktop/RObotics project/ros_ws/build/toycar/build install --record /home/jordan/Desktop/RObotics project/ros_ws/build/toycar/install.log --single-version-externally-managed
[8.659s] running egg_info
[8.661s] writing ../../build/toycar/toycar.egg-info/PKG-INFO
[8.662s] writing dependency_links to ../../build/toycar/toycar.egg-info/dependency_links.txt
[8.663s] writing entry points to ../../build/toycar/toycar.egg-info/entry_points.txt
[8.664s] writing requirements to ../../build/toycar/toycar.egg-info/requires.txt
[8.664s] writing top-level names to ../../build/toycar/toycar.egg-info/top_level.txt
[8.686s] reading manifest file '../../build/toycar/toycar.egg-info/SOURCES.txt'
[8.690s] writing manifest file '../../build/toycar/toycar.egg-info/SOURCES.txt'
[8.691s] running build
[8.692s] running build_py
[8.692s] creating /home/jordan/Desktop/RObotics project/ros_ws/build/toycar/build
[8.693s] creating /home/jordan/Desktop/RObotics project/ros_ws/build/toycar/build/lib
[8.693s] creating /home/jordan/Desktop/RObotics project/ros_ws/build/toycar/build/lib/toycar
[8.694s] copying toycar/__init__.py -> /home/jordan/Desktop/RObotics project/ros_ws/build/toycar/build/lib/toycar
[8.694s] running install
[8.695s] running install_lib
[8.698s] creating /home/jordan/Desktop/RObotics project/ros_ws/install/toycar/lib/python3.10/site-packages/toycar
[8.699s] copying /home/jordan/Desktop/RObotics project/ros_ws/build/toycar/build/lib/toycar/__init__.py -> /home/jordan/Desktop/RObotics project/ros_ws/install/toycar/lib/python3.10/site-packages/toycar
[8.702s] byte-compiling /home/jordan/Desktop/RObotics project/ros_ws/install/toycar/lib/python3.10/site-packages/toycar/__init__.py to __init__.cpython-310.pyc
[8.702s] running install_data
[8.707s] copying launch/rsp.launch.py -> /home/jordan/Desktop/RObotics project/ros_ws/install/toycar/share/toycar/launch/
[8.708s] running install_egg_info
[8.715s] Copying ../../build/toycar/toycar.egg-info to /home/jordan/Desktop/RObotics project/ros_ws/install/toycar/lib/python3.10/site-packages/toycar-0.0.0-py3.10.egg-info
[8.721s] running install_scripts
[8.814s] writing list of installed files to '/home/jordan/Desktop/RObotics project/ros_ws/build/toycar/install.log'
[8.922s] Invoked command in '/home/jordan/Desktop/RObotics project/ros_ws/scr/toycar' returned '0': PYTHONPATH=/home/jordan/Desktop/RObotics project/ros_ws/build/toycar/prefix_override:/home/jordan/Desktop/RObotics project/ros_ws/install/toycar/lib/python3.10/site-packages:${PYTHONPATH} /usr/bin/python3 setup.py egg_info --egg-base ../../build/toycar build --build-base /home/jordan/Desktop/RObotics project/ros_ws/build/toycar/build install --record /home/jordan/Desktop/RObotics project/ros_ws/build/toycar/install.log --single-version-externally-managed
