[1.159s] Invoking command in '/home/jordan/Desktop/RObotics project/ros_ws/build/toycar': PYTHONPATH=/home/jordan/Desktop/RObotics project/ros_ws/build/toycar/prefix_override:/home/jordan/Desktop/RObotics project/ros_ws/install/toycar/lib/python3.10/site-packages:${PYTHONPATH} /usr/bin/python3 setup.py develop --uninstall --editable --build-directory /home/jordan/Desktop/RObotics project/ros_ws/build/toycar/build
[1.550s] running develop
[1.847s] Invoked command in '/home/jordan/Desktop/RObotics project/ros_ws/build/toycar' returned '0': PYTHONPATH=/home/jordan/Desktop/RObotics project/ros_ws/build/toycar/prefix_override:/home/jordan/Desktop/RObotics project/ros_ws/install/toycar/lib/python3.10/site-packages:${PYTHONPATH} /usr/bin/python3 setup.py develop --uninstall --editable --build-directory /home/jordan/Desktop/RObotics project/ros_ws/build/toycar/build
[1.851s] Invoking command in '/home/jordan/Desktop/RObotics project/ros_ws/scr/toycar': PYTHONPATH=/home/jordan/Desktop/RObotics project/ros_ws/build/toycar/prefix_override:/home/jordan/Desktop/RObotics project/ros_ws/install/toycar/lib/python3.10/site-packages:${PYTHONPATH} /usr/bin/python3 setup.py egg_info --egg-base ../../build/toycar build --build-base /home/jordan/Desktop/RObotics project/ros_ws/build/toycar/build install --record /home/jordan/Desktop/RObotics project/ros_ws/build/toycar/install.log --single-version-externally-managed
[2.203s] running egg_info
[2.204s] writing ../../build/toycar/toycar.egg-info/PKG-INFO
[2.204s] writing dependency_links to ../../build/toycar/toycar.egg-info/dependency_links.txt
[2.204s] writing entry points to ../../build/toycar/toycar.egg-info/entry_points.txt
[2.204s] writing requirements to ../../build/toycar/toycar.egg-info/requires.txt
[2.205s] writing top-level names to ../../build/toycar/toycar.egg-info/top_level.txt
[2.207s] reading manifest file '../../build/toycar/toycar.egg-info/SOURCES.txt'
[2.209s] writing manifest file '../../build/toycar/toycar.egg-info/SOURCES.txt'
[2.209s] running build
[2.209s] running build_py
[2.210s] copying toycar/obAvoidance.py -> /home/jordan/Desktop/RObotics project/ros_ws/build/toycar/build/lib/toycar
[2.210s] running install
[2.210s] running install_lib
[2.212s] copying /home/jordan/Desktop/RObotics project/ros_ws/build/toycar/build/lib/toycar/obAvoidance.py -> /home/jordan/Desktop/RObotics project/ros_ws/install/toycar/lib/python3.10/site-packages/toycar
[2.213s] byte-compiling /home/jordan/Desktop/RObotics project/ros_ws/install/toycar/lib/python3.10/site-packages/toycar/obAvoidance.py to obAvoidance.cpython-310.pyc
[2.214s] running install_data
[2.216s] copying worlds/house.world -> /home/jordan/Desktop/RObotics project/ros_ws/install/toycar/share/toycar/worlds/
[2.217s] running install_egg_info
[2.220s] removing '/home/jordan/Desktop/RObotics project/ros_ws/install/toycar/lib/python3.10/site-packages/toycar-0.0.0-py3.10.egg-info' (and everything under it)
[2.220s] Copying ../../build/toycar/toycar.egg-info to /home/jordan/Desktop/RObotics project/ros_ws/install/toycar/lib/python3.10/site-packages/toycar-0.0.0-py3.10.egg-info
[2.222s] running install_scripts
[2.250s] Installing Scan_pre_process script to /home/jordan/Desktop/RObotics project/ros_ws/install/toycar/lib/toycar
[2.250s] writing list of installed files to '/home/jordan/Desktop/RObotics project/ros_ws/build/toycar/install.log'
[2.289s] Invoked command in '/home/jordan/Desktop/RObotics project/ros_ws/scr/toycar' returned '0': PYTHONPATH=/home/jordan/Desktop/RObotics project/ros_ws/build/toycar/prefix_override:/home/jordan/Desktop/RObotics project/ros_ws/install/toycar/lib/python3.10/site-packages:${PYTHONPATH} /usr/bin/python3 setup.py egg_info --egg-base ../../build/toycar build --build-base /home/jordan/Desktop/RObotics project/ros_ws/build/toycar/build install --record /home/jordan/Desktop/RObotics project/ros_ws/build/toycar/install.log --single-version-externally-managed
