[1.519s] DEBUG:colcon:Command line arguments: ['/usr/bin/colcon', 'build']
[1.519s] DEBUG:colcon:Parsed command line arguments: Namespace(log_base=None, log_level=None, verb_name='build', build_base='build', install_base='install', merge_install=False, symlink_install=False, test_result_base=None, continue_on_error=False, executor='parallel', parallel_workers=4, event_handlers=None, ignore_user_meta=False, metas=['./colcon.meta'], base_paths=['.'], packages_ignore=None, packages_ignore_regex=None, paths=None, packages_up_to=None, packages_up_to_regex=None, packages_above=None, packages_above_and_dependencies=None, packages_above_depth=None, packages_select_by_dep=None, packages_skip_by_dep=None, packages_skip_up_to=None, packages_select_build_failed=False, packages_skip_build_finished=False, packages_select_test_failures=False, packages_skip_test_passed=False, packages_select=None, packages_skip=None, packages_select_regex=None, packages_skip_regex=None, packages_start=None, packages_end=None, allow_overriding=[], cmake_args=None, cmake_target=None, cmake_target_skip_unavailable=False, cmake_clean_cache=False, cmake_clean_first=False, cmake_force_configure=False, ament_cmake_args=None, catkin_cmake_args=None, catkin_skip_building_tests=False, verb_parser=<colcon_defaults.argument_parser.defaults.DefaultArgumentsDecorator object at 0x7fd39d8b6c80>, verb_extension=<colcon_core.verb.build.BuildVerb object at 0x7fd39d8b6710>, main=<bound method BuildVerb.main of <colcon_core.verb.build.BuildVerb object at 0x7fd39d8b6710>>)
[1.626s] Level 1:colcon.colcon_core.package_discovery:discover_packages(colcon_meta) check parameters
[1.626s] Level 1:colcon.colcon_core.package_discovery:discover_packages(recursive) check parameters
[1.626s] Level 1:colcon.colcon_core.package_discovery:discover_packages(ignore) check parameters
[1.626s] Level 1:colcon.colcon_core.package_discovery:discover_packages(path) check parameters
[1.626s] Level 1:colcon.colcon_core.package_discovery:discover_packages(colcon_meta) discover
[1.626s] Level 1:colcon.colcon_core.package_discovery:discover_packages(recursive) discover
[1.627s] INFO:colcon.colcon_core.package_discovery:Crawling recursively for packages in '/home/jordan/Desktop/RObotics project/ros_ws'
[1.627s] Level 1:colcon.colcon_core.package_identification:_identify(.) by extensions ['ignore', 'ignore_ament_install']
[1.627s] Level 1:colcon.colcon_core.package_identification:_identify(.) by extension 'ignore'
[1.627s] Level 1:colcon.colcon_core.package_identification:_identify(.) by extension 'ignore_ament_install'
[1.627s] Level 1:colcon.colcon_core.package_identification:_identify(.) by extensions ['colcon_pkg']
[1.628s] Level 1:colcon.colcon_core.package_identification:_identify(.) by extension 'colcon_pkg'
[1.628s] Level 1:colcon.colcon_core.package_identification:_identify(.) by extensions ['colcon_meta']
[1.628s] Level 1:colcon.colcon_core.package_identification:_identify(.) by extension 'colcon_meta'
[1.628s] Level 1:colcon.colcon_core.package_identification:_identify(.) by extensions ['ros']
[1.628s] Level 1:colcon.colcon_core.package_identification:_identify(.) by extension 'ros'
[1.664s] Level 1:colcon.colcon_core.package_identification:_identify(.) by extensions ['cmake', 'python']
[1.664s] Level 1:colcon.colcon_core.package_identification:_identify(.) by extension 'cmake'
[1.664s] Level 1:colcon.colcon_core.package_identification:_identify(.) by extension 'python'
[1.664s] Level 1:colcon.colcon_core.package_identification:_identify(.) by extensions ['python_setup_py']
[1.665s] Level 1:colcon.colcon_core.package_identification:_identify(.) by extension 'python_setup_py'
[1.665s] Level 1:colcon.colcon_core.package_identification:_identify(build) by extensions ['ignore', 'ignore_ament_install']
[1.665s] Level 1:colcon.colcon_core.package_identification:_identify(build) by extension 'ignore'
[1.665s] Level 1:colcon.colcon_core.package_identification:_identify(build) ignored
[1.665s] Level 1:colcon.colcon_core.package_identification:_identify(install) by extensions ['ignore', 'ignore_ament_install']
[1.666s] Level 1:colcon.colcon_core.package_identification:_identify(install) by extension 'ignore'
[1.666s] Level 1:colcon.colcon_core.package_identification:_identify(install) ignored
[1.666s] Level 1:colcon.colcon_core.package_identification:_identify(log) by extensions ['ignore', 'ignore_ament_install']
[1.666s] Level 1:colcon.colcon_core.package_identification:_identify(log) by extension 'ignore'
[1.666s] Level 1:colcon.colcon_core.package_identification:_identify(log) ignored
[1.667s] Level 1:colcon.colcon_core.package_identification:_identify(scr) by extensions ['ignore', 'ignore_ament_install']
[1.667s] Level 1:colcon.colcon_core.package_identification:_identify(scr) by extension 'ignore'
[1.667s] Level 1:colcon.colcon_core.package_identification:_identify(scr) by extension 'ignore_ament_install'
[1.668s] Level 1:colcon.colcon_core.package_identification:_identify(scr) by extensions ['colcon_pkg']
[1.668s] Level 1:colcon.colcon_core.package_identification:_identify(scr) by extension 'colcon_pkg'
[1.668s] Level 1:colcon.colcon_core.package_identification:_identify(scr) by extensions ['colcon_meta']
[1.668s] Level 1:colcon.colcon_core.package_identification:_identify(scr) by extension 'colcon_meta'
[1.668s] Level 1:colcon.colcon_core.package_identification:_identify(scr) by extensions ['ros']
[1.668s] Level 1:colcon.colcon_core.package_identification:_identify(scr) by extension 'ros'
[1.668s] Level 1:colcon.colcon_core.package_identification:_identify(scr) by extensions ['cmake', 'python']
[1.668s] Level 1:colcon.colcon_core.package_identification:_identify(scr) by extension 'cmake'
[1.668s] Level 1:colcon.colcon_core.package_identification:_identify(scr) by extension 'python'
[1.668s] Level 1:colcon.colcon_core.package_identification:_identify(scr) by extensions ['python_setup_py']
[1.668s] Level 1:colcon.colcon_core.package_identification:_identify(scr) by extension 'python_setup_py'
[1.669s] Level 1:colcon.colcon_core.package_identification:_identify(scr/toycar) by extensions ['ignore', 'ignore_ament_install']
[1.669s] Level 1:colcon.colcon_core.package_identification:_identify(scr/toycar) by extension 'ignore'
[1.669s] Level 1:colcon.colcon_core.package_identification:_identify(scr/toycar) by extension 'ignore_ament_install'
[1.669s] Level 1:colcon.colcon_core.package_identification:_identify(scr/toycar) by extensions ['colcon_pkg']
[1.669s] Level 1:colcon.colcon_core.package_identification:_identify(scr/toycar) by extension 'colcon_pkg'
[1.669s] Level 1:colcon.colcon_core.package_identification:_identify(scr/toycar) by extensions ['colcon_meta']
[1.670s] Level 1:colcon.colcon_core.package_identification:_identify(scr/toycar) by extension 'colcon_meta'
[1.670s] Level 1:colcon.colcon_core.package_identification:_identify(scr/toycar) by extensions ['ros']
[1.670s] Level 1:colcon.colcon_core.package_identification:_identify(scr/toycar) by extension 'ros'
[1.678s] DEBUG:colcon.colcon_core.package_identification:Package 'scr/toycar' with type 'ros.ament_python' and name 'toycar'
[1.678s] Level 1:colcon.colcon_core.package_discovery:discover_packages(recursive) using defaults
[1.679s] Level 1:colcon.colcon_core.package_discovery:discover_packages(ignore) discover
[1.679s] Level 1:colcon.colcon_core.package_discovery:discover_packages(ignore) using defaults
[1.679s] Level 1:colcon.colcon_core.package_discovery:discover_packages(path) discover
[1.679s] Level 1:colcon.colcon_core.package_discovery:discover_packages(path) using defaults
[1.769s] Level 1:colcon.colcon_core.package_discovery:discover_packages(prefix_path) check parameters
[1.769s] Level 1:colcon.colcon_core.package_discovery:discover_packages(prefix_path) discover
[1.782s] DEBUG:colcon.colcon_installed_package_information.package_discovery:Found 1 installed packages in /home/jordan/Desktop/RObotics project/ros_ws/install
[1.791s] DEBUG:colcon.colcon_installed_package_information.package_discovery:Found 395 installed packages in /opt/ros/humble
[1.798s] Level 1:colcon.colcon_core.package_discovery:discover_packages(prefix_path) using defaults
[2.179s] Level 5:colcon.colcon_core.verb:set package 'toycar' build argument 'cmake_args' from command line to 'None'
[2.181s] Level 5:colcon.colcon_core.verb:set package 'toycar' build argument 'cmake_target' from command line to 'None'
[2.181s] Level 5:colcon.colcon_core.verb:set package 'toycar' build argument 'cmake_target_skip_unavailable' from command line to 'False'
[2.181s] Level 5:colcon.colcon_core.verb:set package 'toycar' build argument 'cmake_clean_cache' from command line to 'False'
[2.182s] Level 5:colcon.colcon_core.verb:set package 'toycar' build argument 'cmake_clean_first' from command line to 'False'
[2.183s] Level 5:colcon.colcon_core.verb:set package 'toycar' build argument 'cmake_force_configure' from command line to 'False'
[2.183s] Level 5:colcon.colcon_core.verb:set package 'toycar' build argument 'ament_cmake_args' from command line to 'None'
[2.183s] Level 5:colcon.colcon_core.verb:set package 'toycar' build argument 'catkin_cmake_args' from command line to 'None'
[2.183s] Level 5:colcon.colcon_core.verb:set package 'toycar' build argument 'catkin_skip_building_tests' from command line to 'False'
[2.183s] DEBUG:colcon.colcon_core.verb:Building package 'toycar' with the following arguments: {'ament_cmake_args': None, 'build_base': '/home/jordan/Desktop/RObotics project/ros_ws/build/toycar', 'catkin_cmake_args': None, 'catkin_skip_building_tests': False, 'cmake_args': None, 'cmake_clean_cache': False, 'cmake_clean_first': False, 'cmake_force_configure': False, 'cmake_target': None, 'cmake_target_skip_unavailable': False, 'install_base': '/home/jordan/Desktop/RObotics project/ros_ws/install/toycar', 'merge_install': False, 'path': '/home/jordan/Desktop/RObotics project/ros_ws/scr/toycar', 'symlink_install': False, 'test_result_base': None}
[2.185s] INFO:colcon.colcon_core.executor:Executing jobs using 'parallel' executor
[2.205s] DEBUG:colcon.colcon_parallel_executor.executor.parallel:run_until_complete
[2.205s] INFO:colcon.colcon_ros.task.ament_python.build:Building ROS package in '/home/jordan/Desktop/RObotics project/ros_ws/scr/toycar' with build type 'ament_python'
[2.205s] Level 1:colcon.colcon_core.shell:create_environment_hook('toycar', 'ament_prefix_path')
[2.243s] INFO:colcon.colcon_core.plugin_system:Skipping extension 'colcon_core.shell.bat': Not used on non-Windows systems
[2.244s] INFO:colcon.colcon_core.shell:Creating environment hook '/home/jordan/Desktop/RObotics project/ros_ws/install/toycar/share/toycar/hook/ament_prefix_path.ps1'
[2.249s] INFO:colcon.colcon_core.shell:Creating environment descriptor '/home/jordan/Desktop/RObotics project/ros_ws/install/toycar/share/toycar/hook/ament_prefix_path.dsv'
[2.252s] INFO:colcon.colcon_core.shell:Creating environment hook '/home/jordan/Desktop/RObotics project/ros_ws/install/toycar/share/toycar/hook/ament_prefix_path.sh'
[2.262s] INFO:colcon.colcon_core.shell:Skip shell extension 'powershell' for command environment: Not usable outside of PowerShell
[2.263s] DEBUG:colcon.colcon_core.shell:Skip shell extension 'dsv' for command environment
[3.384s] INFO:colcon.colcon_core.task.python.build:Building Python package in '/home/jordan/Desktop/RObotics project/ros_ws/scr/toycar'
[3.390s] INFO:colcon.colcon_core.shell:Skip shell extension 'powershell' for command environment: Not usable outside of PowerShell
[3.390s] DEBUG:colcon.colcon_core.shell:Skip shell extension 'dsv' for command environment
[3.476s] DEBUG:colcon.colcon_parallel_executor.executor.parallel:run_until_complete was interrupted
[3.476s] DEBUG:colcon.colcon_parallel_executor.executor.parallel:run_until_complete again
[3.495s] DEBUG:colcon.colcon_parallel_executor.executor.parallel:run_until_complete finished
[3.495s] DEBUG:colcon.colcon_parallel_executor.executor.parallel:closing loop
[3.496s] DEBUG:colcon.colcon_parallel_executor.executor.parallel:loop closed
[3.496s] DEBUG:colcon.colcon_core.event_reactor:joining thread
[3.529s] INFO:colcon.colcon_core.plugin_system:Skipping extension 'colcon_notification.desktop_notification.terminal_notifier': Not used on non-Darwin systems
[3.530s] INFO:colcon.colcon_core.plugin_system:Skipping extension 'colcon_notification.desktop_notification.win32': Not used on non-Windows systems
[3.531s] INFO:colcon.colcon_notification.desktop_notification:Sending desktop notification using 'notify2'
[3.572s] DEBUG:colcon.colcon_core.event_reactor:joined thread
[3.575s] INFO:colcon.colcon_core.shell:Creating prefix script '/home/jordan/Desktop/RObotics project/ros_ws/install/local_setup.ps1'
[3.580s] INFO:colcon.colcon_core.shell:Creating prefix util module '/home/jordan/Desktop/RObotics project/ros_ws/install/_local_setup_util_ps1.py'
[3.584s] INFO:colcon.colcon_core.shell:Creating prefix chain script '/home/jordan/Desktop/RObotics project/ros_ws/install/setup.ps1'
[3.588s] INFO:colcon.colcon_core.shell:Creating prefix script '/home/jordan/Desktop/RObotics project/ros_ws/install/local_setup.sh'
[3.590s] INFO:colcon.colcon_core.shell:Creating prefix util module '/home/jordan/Desktop/RObotics project/ros_ws/install/_local_setup_util_sh.py'
[3.591s] INFO:colcon.colcon_core.shell:Creating prefix chain script '/home/jordan/Desktop/RObotics project/ros_ws/install/setup.sh'
[3.596s] INFO:colcon.colcon_core.shell:Creating prefix script '/home/jordan/Desktop/RObotics project/ros_ws/install/local_setup.bash'
[3.600s] INFO:colcon.colcon_core.shell:Creating prefix chain script '/home/jordan/Desktop/RObotics project/ros_ws/install/setup.bash'
[3.605s] INFO:colcon.colcon_core.shell:Creating prefix script '/home/jordan/Desktop/RObotics project/ros_ws/install/local_setup.zsh'
[3.607s] INFO:colcon.colcon_core.shell:Creating prefix chain script '/home/jordan/Desktop/RObotics project/ros_ws/install/setup.zsh'
