running develop
running egg_info
creating toycar.egg-info
writing toycar.egg-info/PKG-INFO
writing dependency_links to toycar.egg-info/dependency_links.txt
writing entry points to toycar.egg-info/entry_points.txt
writing requirements to toycar.egg-info/requires.txt
writing top-level names to toycar.egg-info/top_level.txt
writing manifest file 'toycar.egg-info/SOURCES.txt'
reading manifest file 'toycar.egg-info/SOURCES.txt'
writing manifest file 'toycar.egg-info/SOURCES.txt'
running build_ext
Creating /home/jordan/Desktop/RObotics project/ros_ws/install/toycar/lib/python3.10/site-packages/toycar.egg-link (link to .)

Installed /home/jordan/Desktop/RObotics project/ros_ws/build/toycar
running install_data
creating /home/jordan/Desktop/RObotics project/ros_ws/install/toycar/share/ament_index
creating /home/jordan/Desktop/RObotics project/ros_ws/install/toycar/share/ament_index/resource_index
creating /home/jordan/Desktop/RObotics project/ros_ws/install/toycar/share/ament_index/resource_index/packages
copying resource/toycar -> /home/jordan/Desktop/RObotics project/ros_ws/install/toycar/share/ament_index/resource_index/packages
copying package.xml -> /home/jordan/Desktop/RObotics project/ros_ws/install/toycar/share/toycar
creating /home/jordan/Desktop/RObotics project/ros_ws/install/toycar/share/toycar/urdf_description
copying urdf_description/robot.urdf.xacro -> /home/jordan/Desktop/RObotics project/ros_ws/install/toycar/share/toycar/urdf_description/
copying urdf_description/diff_drive.xacro -> /home/jordan/Desktop/RObotics project/ros_ws/install/toycar/share/toycar/urdf_description/
copying urdf_description/robot_core.xacro -> /home/jordan/Desktop/RObotics project/ros_ws/install/toycar/share/toycar/urdf_description/
copying urdf_description/robot_core0.xacro -> /home/jordan/Desktop/RObotics project/ros_ws/install/toycar/share/toycar/urdf_description/
copying urdf_description/lidar.xacro -> /home/jordan/Desktop/RObotics project/ros_ws/install/toycar/share/toycar/urdf_description/
copying urdf_description/inertial_macros.xacro -> /home/jordan/Desktop/RObotics project/ros_ws/install/toycar/share/toycar/urdf_description/
copying urdf_description/jsp.xacro -> /home/jordan/Desktop/RObotics project/ros_ws/install/toycar/share/toycar/urdf_description/
creating /home/jordan/Desktop/RObotics project/ros_ws/install/toycar/share/toycar/config
copying config/empty.yaml -> /home/jordan/Desktop/RObotics project/ros_ws/install/toycar/share/toycar/config/
copying config/view_bot.rviz -> /home/jordan/Desktop/RObotics project/ros_ws/install/toycar/share/toycar/config/
copying config/serialized_map.posegraph -> /home/jordan/Desktop/RObotics project/ros_ws/install/toycar/share/toycar/config/
copying config/serialized_map.data -> /home/jordan/Desktop/RObotics project/ros_ws/install/toycar/share/toycar/config/
copying config/saved_map.pgm -> /home/jordan/Desktop/RObotics project/ros_ws/install/toycar/share/toycar/config/
copying config/saved_map.yaml -> /home/jordan/Desktop/RObotics project/ros_ws/install/toycar/share/toycar/config/
copying config/mapper_params_online_async.yaml -> /home/jordan/Desktop/RObotics project/ros_ws/install/toycar/share/toycar/config/
creating /home/jordan/Desktop/RObotics project/ros_ws/install/toycar/share/toycar/worlds
copying worlds/empty.world -> /home/jordan/Desktop/RObotics project/ros_ws/install/toycar/share/toycar/worlds/
copying worlds/house.world -> /home/jordan/Desktop/RObotics project/ros_ws/install/toycar/share/toycar/worlds/
creating /home/jordan/Desktop/RObotics project/ros_ws/install/toycar/share/toycar/launch
copying launch/robot_spawn.launch.py -> /home/jordan/Desktop/RObotics project/ros_ws/install/toycar/share/toycar/launch/
copying launch/rsp.launch.py -> /home/jordan/Desktop/RObotics project/ros_ws/install/toycar/share/toycar/launch/
copying launch/slamming.launch.py -> /home/jordan/Desktop/RObotics project/ros_ws/install/toycar/share/toycar/launch/
